{"/home/travis/build/npmtest/node-npmtest-respond.js/test.js":{"path":"/home/travis/build/npmtest/node-npmtest-respond.js/test.js","s":{"1":2,"2":2,"3":2,"4":2,"5":2,"6":2,"7":2,"8":1,"9":2,"10":2,"11":1,"12":1,"13":1,"14":1,"15":2,"16":2,"17":2,"18":2,"19":1,"20":1,"21":2,"22":2,"23":2,"24":1,"25":1,"26":1,"27":1,"28":1,"29":1,"30":1,"31":1,"32":1,"33":1,"34":1,"35":1,"36":1,"37":1,"38":1,"39":2,"40":2,"41":1,"42":2,"43":2,"44":1,"45":2,"46":2,"47":1,"48":2,"49":2,"50":1,"51":1,"52":1,"53":1,"54":1},"b":{"1":[2,1,1,1],"2":[1,1,1,1],"3":[1,1],"4":[1,1],"5":[1,1],"6":[1,1],"7":[1,1],"8":[1,1],"9":[1,1],"10":[1,1,1],"11":[1,1],"12":[1,1],"13":[1,1],"14":[1,1],"15":[1,1],"16":[1,1],"17":[1,1]},"f":{"1":2,"2":2,"3":2,"4":2,"5":2,"6":1,"7":1,"8":1,"9":2,"10":2,"11":2,"12":2,"13":1},"fnMap":{"1":{"name":"(anonymous_1)","line":12,"loc":{"start":{"line":12,"column":1},"end":{"line":12,"column":13}}},"2":{"name":"(anonymous_2)","line":19,"loc":{"start":{"line":19,"column":5},"end":{"line":19,"column":17}}},"3":{"name":"(anonymous_3)","line":23,"loc":{"start":{"line":23,"column":24},"end":{"line":23,"column":36}}},"4":{"name":"(anonymous_4)","line":61,"loc":{"start":{"line":61,"column":5},"end":{"line":61,"column":17}}},"5":{"name":"(anonymous_5)","line":82,"loc":{"start":{"line":82,"column":5},"end":{"line":82,"column":17}}},"6":{"name":"(anonymous_6)","line":91,"loc":{"start":{"line":91,"column":77},"end":{"line":94,"column":10}}},"7":{"name":"(anonymous_7)","line":112,"loc":{"start":{"line":112,"column":83},"end":{"line":115,"column":10}},"skip":true},"8":{"name":"(anonymous_8)","line":123,"loc":{"start":{"line":123,"column":77},"end":{"line":126,"column":10}},"skip":true},"9":{"name":"(anonymous_9)","line":139,"loc":{"start":{"line":139,"column":12},"end":{"line":139,"column":40}},"skip":true},"10":{"name":"(anonymous_10)","line":147,"loc":{"start":{"line":147,"column":77},"end":{"line":150,"column":10}},"skip":true},"11":{"name":"(anonymous_11)","line":158,"loc":{"start":{"line":158,"column":83},"end":{"line":161,"column":10}},"skip":true},"12":{"name":"(anonymous_12)","line":169,"loc":{"start":{"line":169,"column":79},"end":{"line":172,"column":10}},"skip":true},"13":{"name":"(anonymous_13)","line":180,"loc":{"start":{"line":180,"column":75},"end":{"line":183,"column":10}},"skip":true}},"statementMap":{"1":{"start":{"line":12,"column":0},"end":{"line":195,"column":5}},"2":{"start":{"line":14,"column":4},"end":{"line":14,"column":14}},"3":{"start":{"line":19,"column":4},"end":{"line":56,"column":9}},"4":{"start":{"line":21,"column":8},"end":{"line":21,"column":19}},"5":{"start":{"line":23,"column":8},"end":{"line":35,"column":13}},"6":{"start":{"line":24,"column":12},"end":{"line":34,"column":13}},"7":{"start":{"line":25,"column":16},"end":{"line":28,"column":30}},"8":{"start":{"line":30,"column":16},"end":{"line":33,"column":27}},"9":{"start":{"line":37,"column":8},"end":{"line":39,"column":21}},"10":{"start":{"line":40,"column":8},"end":{"line":53,"column":9}},"11":{"start":{"line":43,"column":12},"end":{"line":46,"column":14}},"12":{"start":{"line":47,"column":12},"end":{"line":47,"column":18}},"13":{"start":{"line":50,"column":12},"end":{"line":51,"column":46}},"14":{"start":{"line":52,"column":12},"end":{"line":52,"column":18}},"15":{"start":{"line":55,"column":8},"end":{"line":55,"column":35}},"16":{"start":{"line":61,"column":4},"end":{"line":63,"column":9}},"17":{"start":{"line":62,"column":8},"end":{"line":62,"column":15}},"18":{"start":{"line":64,"column":4},"end":{"line":77,"column":5}},"19":{"start":{"line":70,"column":8},"end":{"line":70,"column":14}},"20":{"start":{"line":76,"column":8},"end":{"line":76,"column":14}},"21":{"start":{"line":82,"column":4},"end":{"line":84,"column":9}},"22":{"start":{"line":83,"column":8},"end":{"line":83,"column":15}},"23":{"start":{"line":85,"column":4},"end":{"line":194,"column":5}},"24":{"start":{"line":91,"column":8},"end":{"line":99,"column":10}},"25":{"start":{"line":98,"column":12},"end":{"line":98,"column":35}},"26":{"start":{"line":102,"column":8},"end":{"line":104,"column":63}},"27":{"start":{"line":105,"column":8},"end":{"line":105,"column":14}},"28":{"start":{"line":112,"column":8},"end":{"line":121,"column":10},"skip":true},"29":{"start":{"line":119,"column":12},"end":{"line":119,"column":55},"skip":true},"30":{"start":{"line":120,"column":12},"end":{"line":120,"column":48},"skip":true},"31":{"start":{"line":123,"column":8},"end":{"line":136,"column":10},"skip":true},"32":{"start":{"line":130,"column":12},"end":{"line":130,"column":76},"skip":true},"33":{"start":{"line":131,"column":12},"end":{"line":131,"column":73},"skip":true},"34":{"start":{"line":132,"column":12},"end":{"line":132,"column":74},"skip":true},"35":{"start":{"line":133,"column":12},"end":{"line":133,"column":79},"skip":true},"36":{"start":{"line":134,"column":12},"end":{"line":134,"column":25},"skip":true},"37":{"start":{"line":135,"column":12},"end":{"line":135,"column":45},"skip":true},"38":{"start":{"line":138,"column":8},"end":{"line":145,"column":14},"skip":true},"39":{"start":{"line":143,"column":16},"end":{"line":143,"column":29},"skip":true},"40":{"start":{"line":144,"column":16},"end":{"line":144,"column":55},"skip":true},"41":{"start":{"line":147,"column":8},"end":{"line":156,"column":10},"skip":true},"42":{"start":{"line":154,"column":12},"end":{"line":154,"column":25},"skip":true},"43":{"start":{"line":155,"column":12},"end":{"line":155,"column":45},"skip":true},"44":{"start":{"line":158,"column":8},"end":{"line":167,"column":10},"skip":true},"45":{"start":{"line":165,"column":12},"end":{"line":165,"column":25},"skip":true},"46":{"start":{"line":166,"column":12},"end":{"line":166,"column":48},"skip":true},"47":{"start":{"line":169,"column":8},"end":{"line":178,"column":10},"skip":true},"48":{"start":{"line":176,"column":12},"end":{"line":176,"column":25},"skip":true},"49":{"start":{"line":177,"column":12},"end":{"line":177,"column":46},"skip":true},"50":{"start":{"line":180,"column":8},"end":{"line":189,"column":10},"skip":true},"51":{"start":{"line":187,"column":12},"end":{"line":187,"column":94},"skip":true},"52":{"start":{"line":188,"column":12},"end":{"line":188,"column":48},"skip":true},"53":{"start":{"line":192,"column":8},"end":{"line":192,"column":35},"skip":true},"54":{"start":{"line":193,"column":8},"end":{"line":193,"column":14},"skip":true}},"branchMap":{"1":{"line":25,"type":"binary-expr","locations":[{"start":{"line":25,"column":23},"end":{"line":25,"column":62}},{"start":{"line":26,"column":20},"end":{"line":26,"column":70}},{"start":{"line":27,"column":20},"end":{"line":27,"column":71}},{"start":{"line":28,"column":20},"end":{"line":28,"column":29}}]},"2":{"line":30,"type":"binary-expr","locations":[{"start":{"line":30,"column":23},"end":{"line":30,"column":37}},{"start":{"line":31,"column":20},"end":{"line":31,"column":61}},{"start":{"line":32,"column":20},"end":{"line":32,"column":70}},{"start":{"line":33,"column":20},"end":{"line":33,"column":26}}]},"3":{"line":37,"type":"cond-expr","locations":[{"start":{"line":38,"column":14},"end":{"line":38,"column":20}},{"start":{"line":39,"column":14},"end":{"line":39,"column":20}}]},"4":{"line":40,"type":"switch","locations":[{"start":{"line":42,"column":8},"end":{"line":47,"column":18}},{"start":{"line":49,"column":8},"end":{"line":52,"column":18}}]},"5":{"line":44,"type":"binary-expr","locations":[{"start":{"line":44,"column":16},"end":{"line":44,"column":44}},{"start":{"line":44,"column":48},"end":{"line":44,"column":66}}]},"6":{"line":50,"type":"binary-expr","locations":[{"start":{"line":50,"column":21},"end":{"line":50,"column":49}},{"start":{"line":50,"column":53},"end":{"line":50,"column":72}}]},"7":{"line":64,"type":"switch","locations":[{"start":{"line":69,"column":4},"end":{"line":70,"column":14}},{"start":{"line":75,"column":4},"end":{"line":76,"column":14}}]},"8":{"line":85,"type":"switch","locations":[{"start":{"line":90,"column":4},"end":{"line":105,"column":14}},{"start":{"line":111,"column":4},"end":{"line":193,"column":14},"skip":true}]},"9":{"line":91,"type":"binary-expr","locations":[{"start":{"line":91,"column":42},"end":{"line":91,"column":73}},{"start":{"line":91,"column":77},"end":{"line":99,"column":9}}]},"10":{"line":102,"type":"binary-expr","locations":[{"start":{"line":102,"column":18},"end":{"line":102,"column":32}},{"start":{"line":103,"column":12},"end":{"line":103,"column":53}},{"start":{"line":104,"column":12},"end":{"line":104,"column":61}}]},"11":{"line":112,"type":"binary-expr","locations":[{"start":{"line":112,"column":45},"end":{"line":112,"column":79},"skip":true},{"start":{"line":112,"column":83},"end":{"line":121,"column":9},"skip":true}]},"12":{"line":123,"type":"binary-expr","locations":[{"start":{"line":123,"column":42},"end":{"line":123,"column":73},"skip":true},{"start":{"line":123,"column":77},"end":{"line":136,"column":9},"skip":true}]},"13":{"line":138,"type":"binary-expr","locations":[{"start":{"line":138,"column":48},"end":{"line":138,"column":85},"skip":true},{"start":{"line":139,"column":12},"end":{"line":145,"column":13},"skip":true}]},"14":{"line":147,"type":"binary-expr","locations":[{"start":{"line":147,"column":42},"end":{"line":147,"column":73},"skip":true},{"start":{"line":147,"column":77},"end":{"line":156,"column":9},"skip":true}]},"15":{"line":158,"type":"binary-expr","locations":[{"start":{"line":158,"column":45},"end":{"line":158,"column":79},"skip":true},{"start":{"line":158,"column":83},"end":{"line":167,"column":9},"skip":true}]},"16":{"line":169,"type":"binary-expr","locations":[{"start":{"line":169,"column":43},"end":{"line":169,"column":75},"skip":true},{"start":{"line":169,"column":79},"end":{"line":178,"column":9},"skip":true}]},"17":{"line":180,"type":"binary-expr","locations":[{"start":{"line":180,"column":41},"end":{"line":180,"column":71},"skip":true},{"start":{"line":180,"column":75},"end":{"line":189,"column":9},"skip":true}]}},"code":["/* istanbul instrument in package npmtest_respond_js */","/*jslint","    bitwise: true,","    browser: true,","    maxerr: 8,","    maxlen: 96,","    node: true,","    nomen: true,","    regexp: true,","    stupid: true","*/","(function () {","    'use strict';","    var local;","","","","    // run shared js-env code - pre-init","    (function () {","        // init local","        local = {};","        // init modeJs","        local.modeJs = (function () {","            try {","                return typeof navigator.userAgent === 'string' &&","                    typeof document.querySelector('body') === 'object' &&","                    typeof XMLHttpRequest.prototype.open === 'function' &&","                    'browser';","            } catch (errorCaughtBrowser) {","                return module.exports &&","                    typeof process.versions.node === 'string' &&","                    typeof require('http').createServer === 'function' &&","                    'node';","            }","        }());","        // init global","        local.global = local.modeJs === 'browser'","            ? window","            : global;","        switch (local.modeJs) {","        // re-init local from window.local","        case 'browser':","            local = local.global.utility2.objectSetDefault(","                local.global.utility2_rollup || local.global.local,","                local.global.utility2","            );","            break;","        // re-init local from example.js","        case 'node':","            local = (local.global.utility2_rollup || require('utility2'))","                .requireExampleJsFromReadme();","            break;","        }","        // export local","        local.global.local = local;","    }());","","","","    // run shared js-env code - function","    (function () {","        return;","    }());","    switch (local.modeJs) {","","","","    // run browser js-env code - function","    case 'browser':","        break;","","","","    // run node js-env code - function","    case 'node':","        break;","    }","","","","    // run shared js-env code - post-init","    (function () {","        return;","    }());","    switch (local.modeJs) {","","","","    // run browser js-env code - post-init","    case 'browser':","        local.testCase_browser_nullCase = local.testCase_browser_nullCase || function (","            options,","            onError","        ) {","        /*","         * this function will test browsers's null-case handling-behavior-behavior","         */","            onError(null, options);","        };","","        // run tests","        local.nop(local.modeTest &&","            document.querySelector('#testRunButton1') &&","            document.querySelector('#testRunButton1').click());","        break;","","","","    // run node js-env code - post-init","    /* istanbul ignore next */","    case 'node':","        local.testCase_buildApidoc_default = local.testCase_buildApidoc_default || function (","            options,","            onError","        ) {","        /*","         * this function will test buildApidoc's default handling-behavior-behavior","         */","            options = { modulePathList: module.paths };","            local.buildApidoc(options, onError);","        };","","        local.testCase_buildApp_default = local.testCase_buildApp_default || function (","            options,","            onError","        ) {","        /*","         * this function will test buildApp's default handling-behavior-behavior","         */","            local.testCase_buildReadme_default(options, local.onErrorThrow);","            local.testCase_buildLib_default(options, local.onErrorThrow);","            local.testCase_buildTest_default(options, local.onErrorThrow);","            local.testCase_buildCustomOrg_default(options, local.onErrorThrow);","            options = [];","            local.buildApp(options, onError);","        };","","        local.testCase_buildCustomOrg_default = local.testCase_buildCustomOrg_default ||","            function (options, onError) {","            /*","             * this function will test buildCustomOrg's default handling-behavior","             */","                options = {};","                local.buildCustomOrg(options, onError);","            };","","        local.testCase_buildLib_default = local.testCase_buildLib_default || function (","            options,","            onError","        ) {","        /*","         * this function will test buildLib's default handling-behavior","         */","            options = {};","            local.buildLib(options, onError);","        };","","        local.testCase_buildReadme_default = local.testCase_buildReadme_default || function (","            options,","            onError","        ) {","        /*","         * this function will test buildReadme's default handling-behavior-behavior","         */","            options = {};","            local.buildReadme(options, onError);","        };","","        local.testCase_buildTest_default = local.testCase_buildTest_default || function (","            options,","            onError","        ) {","        /*","         * this function will test buildTest's default handling-behavior","         */","            options = {};","            local.buildTest(options, onError);","        };","","        local.testCase_webpage_default = local.testCase_webpage_default || function (","            options,","            onError","        ) {","        /*","         * this function will test webpage's default handling-behavior","         */","            options = { modeCoverageMerge: true, url: local.serverLocalHost + '?modeTest=1' };","            local.browserTest(options, onError);","        };","","        // run test-server","        local.testRunServer(local);","        break;","    }","}());",""],"l":{"12":2,"14":2,"19":2,"21":2,"23":2,"24":2,"25":2,"30":1,"37":2,"40":2,"43":1,"47":1,"50":1,"52":1,"55":2,"61":2,"62":2,"64":2,"70":1,"76":1,"82":2,"83":2,"85":2,"91":1,"98":1,"102":1,"105":1,"112":1,"119":1,"120":1,"123":1,"130":1,"131":1,"132":1,"133":1,"134":1,"135":1,"138":1,"143":2,"144":2,"147":1,"154":2,"155":2,"158":1,"165":2,"166":2,"169":1,"176":2,"177":2,"180":1,"187":1,"188":1,"192":1,"193":1}},"/home/travis/build/npmtest/node-npmtest-respond.js/lib.npmtest_respond.js.js":{"path":"/home/travis/build/npmtest/node-npmtest-respond.js/lib.npmtest_respond.js.js","s":{"1":2,"2":2,"3":2,"4":2,"5":2,"6":2,"7":2,"8":1,"9":2,"10":2,"11":2,"12":2,"13":1,"14":1,"15":1,"16":1},"b":{"1":[2,1,1,1],"2":[1,1,1,1],"3":[1,1],"4":[2,2],"5":[1,1]},"f":{"1":2,"2":2,"3":2},"fnMap":{"1":{"name":"(anonymous_1)","line":12,"loc":{"start":{"line":12,"column":1},"end":{"line":12,"column":13}}},"2":{"name":"(anonymous_2)","line":19,"loc":{"start":{"line":19,"column":5},"end":{"line":19,"column":17}}},"3":{"name":"(anonymous_3)","line":23,"loc":{"start":{"line":23,"column":24},"end":{"line":23,"column":36}}}},"statementMap":{"1":{"start":{"line":12,"column":0},"end":{"line":53,"column":5}},"2":{"start":{"line":14,"column":4},"end":{"line":14,"column":14}},"3":{"start":{"line":19,"column":4},"end":{"line":52,"column":9}},"4":{"start":{"line":21,"column":8},"end":{"line":21,"column":19}},"5":{"start":{"line":23,"column":8},"end":{"line":35,"column":13}},"6":{"start":{"line":24,"column":12},"end":{"line":34,"column":13}},"7":{"start":{"line":25,"column":16},"end":{"line":28,"column":30}},"8":{"start":{"line":30,"column":16},"end":{"line":33,"column":27}},"9":{"start":{"line":37,"column":8},"end":{"line":39,"column":21}},"10":{"start":{"line":41,"column":8},"end":{"line":41,"column":54}},"11":{"start":{"line":43,"column":8},"end":{"line":43,"column":55}},"12":{"start":{"line":45,"column":8},"end":{"line":51,"column":9}},"13":{"start":{"line":46,"column":12},"end":{"line":46,"column":61}},"14":{"start":{"line":48,"column":12},"end":{"line":48,"column":35}},"15":{"start":{"line":49,"column":12},"end":{"line":49,"column":49}},"16":{"start":{"line":50,"column":12},"end":{"line":50,"column":43}}},"branchMap":{"1":{"line":25,"type":"binary-expr","locations":[{"start":{"line":25,"column":23},"end":{"line":25,"column":62}},{"start":{"line":26,"column":20},"end":{"line":26,"column":70}},{"start":{"line":27,"column":20},"end":{"line":27,"column":71}},{"start":{"line":28,"column":20},"end":{"line":28,"column":29}}]},"2":{"line":30,"type":"binary-expr","locations":[{"start":{"line":30,"column":23},"end":{"line":30,"column":37}},{"start":{"line":31,"column":20},"end":{"line":31,"column":61}},{"start":{"line":32,"column":20},"end":{"line":32,"column":70}},{"start":{"line":33,"column":20},"end":{"line":33,"column":26}}]},"3":{"line":37,"type":"cond-expr","locations":[{"start":{"line":38,"column":14},"end":{"line":38,"column":20}},{"start":{"line":39,"column":14},"end":{"line":39,"column":20}}]},"4":{"line":41,"type":"binary-expr","locations":[{"start":{"line":41,"column":16},"end":{"line":41,"column":44}},{"start":{"line":41,"column":48},"end":{"line":41,"column":53}}]},"5":{"line":45,"type":"if","locations":[{"start":{"line":45,"column":8},"end":{"line":45,"column":8}},{"start":{"line":45,"column":8},"end":{"line":45,"column":8}}]}},"code":["/* istanbul instrument in package npmtest_respond_js */","/*jslint","    bitwise: true,","    browser: true,","    maxerr: 8,","    maxlen: 96,","    node: true,","    nomen: true,","    regexp: true,","    stupid: true","*/","(function () {","    'use strict';","    var local;","","","","    // run shared js-env code - pre-init","    (function () {","        // init local","        local = {};","        // init modeJs","        local.modeJs = (function () {","            try {","                return typeof navigator.userAgent === 'string' &&","                    typeof document.querySelector('body') === 'object' &&","                    typeof XMLHttpRequest.prototype.open === 'function' &&","                    'browser';","            } catch (errorCaughtBrowser) {","                return module.exports &&","                    typeof process.versions.node === 'string' &&","                    typeof require('http').createServer === 'function' &&","                    'node';","            }","        }());","        // init global","        local.global = local.modeJs === 'browser'","            ? window","            : global;","        // init utility2_rollup","        local = local.global.utility2_rollup || local;","        // init lib","        local.local = local.npmtest_respond_js = local;","        // init exports","        if (local.modeJs === 'browser') {","            local.global.utility2_npmtest_respond_js = local;","        } else {","            module.exports = local;","            module.exports.__dirname = __dirname;","            module.exports.module = module;","        }","    }());","}());",""],"l":{"12":2,"14":2,"19":2,"21":2,"23":2,"24":2,"25":2,"30":1,"37":2,"41":2,"43":2,"45":2,"46":1,"48":1,"49":1,"50":1}},"/home/travis/build/npmtest/node-npmtest-respond.js/example.js":{"path":"/home/travis/build/npmtest/node-npmtest-respond.js/example.js","s":{"1":2,"2":2,"3":2,"4":2,"5":2,"6":2,"7":2,"8":1,"9":2,"10":2,"11":2,"12":2,"13":1,"14":2,"15":2,"16":2,"17":2,"18":2,"19":0,"20":2,"21":1,"22":1,"23":1,"24":1,"25":1,"26":0,"27":0,"28":1,"29":1,"30":2,"31":0,"32":0,"33":0,"34":1,"35":2,"36":2,"37":3,"38":3,"39":3,"40":3,"41":0,"42":3,"43":3,"44":3,"45":1,"46":3,"47":1,"48":1,"49":1,"50":1,"51":1,"52":1,"53":1,"54":1,"55":1,"56":1,"57":0,"58":1,"59":6,"60":6,"61":1,"62":2,"63":0,"64":2,"65":1,"66":1,"67":0,"68":0,"69":0,"70":0,"71":0,"72":0,"73":0,"74":0,"75":0,"76":0,"77":0,"78":0,"79":0,"80":0,"81":0,"82":0,"83":0},"b":{"1":[2,1,1,1],"2":[1,1,1,1],"3":[1,1],"4":[2,2],"5":[1,1],"6":[1,1],"7":[2,0],"8":[2,1,1,1,1,1],"9":[0,2,0],"10":[1,1],"11":[2,1,1],"12":[1,0],"13":[0,2],"14":[2,0,0,0,0,0,0],"15":[0,3],"16":[3,0],"17":[1,1],"18":[0,1],"19":[1,2,0,2],"20":[1,0],"21":[1,1],"22":[0,0],"23":[0,0],"24":[0,0],"25":[0,0],"26":[0,0],"27":[0,0],"28":[0,0]},"f":{"1":2,"2":2,"3":2,"4":2,"5":2,"6":2,"7":3,"8":3,"9":3,"10":1,"11":6,"12":0},"fnMap":{"1":{"name":"(anonymous_1)","line":26,"loc":{"start":{"line":26,"column":1},"end":{"line":26,"column":13}}},"2":{"name":"(anonymous_2)","line":33,"loc":{"start":{"line":33,"column":5},"end":{"line":33,"column":17}}},"3":{"name":"(anonymous_3)","line":37,"loc":{"start":{"line":37,"column":24},"end":{"line":37,"column":36}}},"4":{"name":"(anonymous_4)","line":69,"loc":{"start":{"line":69,"column":31},"end":{"line":69,"column":48}},"skip":true},"5":{"name":"(anonymous_5)","line":78,"loc":{"start":{"line":78,"column":26},"end":{"line":78,"column":45}},"skip":true},"6":{"name":"(anonymous_6)","line":123,"loc":{"start":{"line":123,"column":33},"end":{"line":123,"column":48}},"skip":true},"7":{"name":"(anonymous_7)","line":125,"loc":{"start":{"line":125,"column":27},"end":{"line":125,"column":39}},"skip":true},"8":{"name":"(anonymous_8)","line":133,"loc":{"start":{"line":133,"column":59},"end":{"line":133,"column":74}},"skip":true},"9":{"name":"(anonymous_9)","line":143,"loc":{"start":{"line":143,"column":45},"end":{"line":143,"column":62}},"skip":true},"10":{"name":"(anonymous_10)","line":144,"loc":{"start":{"line":144,"column":73},"end":{"line":144,"column":92}},"skip":true},"11":{"name":"(anonymous_11)","line":272,"loc":{"start":{"line":272,"column":51},"end":{"line":272,"column":77}},"skip":true},"12":{"name":"(anonymous_12)","line":315,"loc":{"start":{"line":315,"column":32},"end":{"line":315,"column":61}},"skip":true}},"statementMap":{"1":{"start":{"line":26,"column":0},"end":{"line":326,"column":5}},"2":{"start":{"line":28,"column":4},"end":{"line":28,"column":14}},"3":{"start":{"line":33,"column":4},"end":{"line":60,"column":9}},"4":{"start":{"line":35,"column":8},"end":{"line":35,"column":19}},"5":{"start":{"line":37,"column":8},"end":{"line":49,"column":13}},"6":{"start":{"line":38,"column":12},"end":{"line":48,"column":13}},"7":{"start":{"line":39,"column":16},"end":{"line":42,"column":30}},"8":{"start":{"line":44,"column":16},"end":{"line":47,"column":27}},"9":{"start":{"line":51,"column":8},"end":{"line":53,"column":21}},"10":{"start":{"line":55,"column":8},"end":{"line":57,"column":45}},"11":{"start":{"line":59,"column":8},"end":{"line":59,"column":35}},"12":{"start":{"line":61,"column":4},"end":{"line":325,"column":5}},"13":{"start":{"line":69,"column":8},"end":{"line":121,"column":10},"skip":true},"14":{"start":{"line":70,"column":12},"end":{"line":88,"column":13},"skip":true},"15":{"start":{"line":76,"column":16},"end":{"line":87,"column":19},"skip":true},"16":{"start":{"line":79,"column":20},"end":{"line":86,"column":21},"skip":true},"17":{"start":{"line":82,"column":24},"end":{"line":82,"column":43},"skip":true},"18":{"start":{"line":83,"column":24},"end":{"line":83,"column":30},"skip":true},"19":{"start":{"line":85,"column":24},"end":{"line":85,"column":49},"skip":true},"20":{"start":{"line":89,"column":12},"end":{"line":107,"column":13},"skip":true},"21":{"start":{"line":92,"column":16},"end":{"line":102,"column":17},"skip":true},"22":{"start":{"line":93,"column":20},"end":{"line":93,"column":86},"skip":true},"23":{"start":{"line":94,"column":20},"end":{"line":95,"column":45},"skip":true},"24":{"start":{"line":96,"column":20},"end":{"line":96,"column":42},"skip":true},"25":{"start":{"line":97,"column":20},"end":{"line":97,"column":48},"skip":true},"26":{"start":{"line":100,"column":20},"end":{"line":100,"column":85},"skip":true},"27":{"start":{"line":101,"column":20},"end":{"line":101,"column":96},"skip":true},"28":{"start":{"line":103,"column":16},"end":{"line":103,"column":22},"skip":true},"29":{"start":{"line":106,"column":16},"end":{"line":106,"column":22},"skip":true},"30":{"start":{"line":108,"column":12},"end":{"line":120,"column":13},"skip":true},"31":{"start":{"line":114,"column":16},"end":{"line":119,"column":17},"skip":true},"32":{"start":{"line":116,"column":20},"end":{"line":116,"column":78},"skip":true},"33":{"start":{"line":118,"column":20},"end":{"line":118,"column":47},"skip":true},"34":{"start":{"line":123,"column":8},"end":{"line":141,"column":11},"skip":true},"35":{"start":{"line":124,"column":12},"end":{"line":124,"column":54},"skip":true},"36":{"start":{"line":125,"column":12},"end":{"line":140,"column":14},"skip":true},"37":{"start":{"line":126,"column":16},"end":{"line":126,"column":28},"skip":true},"38":{"start":{"line":127,"column":16},"end":{"line":127,"column":69},"skip":true},"39":{"start":{"line":128,"column":16},"end":{"line":128,"column":75},"skip":true},"40":{"start":{"line":129,"column":16},"end":{"line":131,"column":17},"skip":true},"41":{"start":{"line":130,"column":20},"end":{"line":130,"column":27},"skip":true},"42":{"start":{"line":133,"column":16},"end":{"line":137,"column":36},"skip":true},"43":{"start":{"line":134,"column":20},"end":{"line":136,"column":55},"skip":true},"44":{"start":{"line":139,"column":16},"end":{"line":139,"column":57},"skip":true},"45":{"start":{"line":143,"column":8},"end":{"line":147,"column":11},"skip":true},"46":{"start":{"line":144,"column":12},"end":{"line":146,"column":15},"skip":true},"47":{"start":{"line":145,"column":16},"end":{"line":145,"column":70},"skip":true},"48":{"start":{"line":149,"column":8},"end":{"line":149,"column":31},"skip":true},"49":{"start":{"line":150,"column":8},"end":{"line":150,"column":14},"skip":true},"50":{"start":{"line":158,"column":8},"end":{"line":158,"column":31},"skip":true},"51":{"start":{"line":160,"column":8},"end":{"line":160,"column":33},"skip":true},"52":{"start":{"line":161,"column":8},"end":{"line":161,"column":37},"skip":true},"53":{"start":{"line":162,"column":8},"end":{"line":162,"column":35},"skip":true},"54":{"start":{"line":164,"column":8},"end":{"line":164,"column":50},"skip":true},"55":{"start":{"line":166,"column":8},"end":{"line":256,"column":2},"skip":true},"56":{"start":{"line":258,"column":8},"end":{"line":286,"column":9},"skip":true},"57":{"start":{"line":259,"column":12},"end":{"line":269,"column":14},"skip":true},"58":{"start":{"line":271,"column":12},"end":{"line":285,"column":19},"skip":true},"59":{"start":{"line":274,"column":20},"end":{"line":274,"column":35},"skip":true},"60":{"start":{"line":275,"column":20},"end":{"line":284,"column":21},"skip":true},"61":{"start":{"line":277,"column":24},"end":{"line":277,"column":64},"skip":true},"62":{"start":{"line":279,"column":24},"end":{"line":279,"column":40},"skip":true},"63":{"start":{"line":281,"column":24},"end":{"line":281,"column":40},"skip":true},"64":{"start":{"line":283,"column":24},"end":{"line":283,"column":39},"skip":true},"65":{"start":{"line":288,"column":8},"end":{"line":290,"column":9},"skip":true},"66":{"start":{"line":289,"column":12},"end":{"line":289,"column":18},"skip":true},"67":{"start":{"line":291,"column":8},"end":{"line":293,"column":54},"skip":true},"68":{"start":{"line":296,"column":8},"end":{"line":301,"column":37},"skip":true},"69":{"start":{"line":303,"column":8},"end":{"line":303,"column":82},"skip":true},"70":{"start":{"line":306,"column":8},"end":{"line":308,"column":9},"skip":true},"71":{"start":{"line":307,"column":12},"end":{"line":307,"column":82},"skip":true},"72":{"start":{"line":310,"column":8},"end":{"line":312,"column":9},"skip":true},"73":{"start":{"line":311,"column":12},"end":{"line":311,"column":18},"skip":true},"74":{"start":{"line":313,"column":8},"end":{"line":313,"column":54},"skip":true},"75":{"start":{"line":314,"column":8},"end":{"line":314,"column":69},"skip":true},"76":{"start":{"line":315,"column":8},"end":{"line":323,"column":36},"skip":true},"77":{"start":{"line":316,"column":12},"end":{"line":316,"column":61},"skip":true},"78":{"start":{"line":317,"column":12},"end":{"line":320,"column":13},"skip":true},"79":{"start":{"line":318,"column":16},"end":{"line":318,"column":75},"skip":true},"80":{"start":{"line":319,"column":16},"end":{"line":319,"column":23},"skip":true},"81":{"start":{"line":321,"column":12},"end":{"line":321,"column":38},"skip":true},"82":{"start":{"line":322,"column":12},"end":{"line":322,"column":27},"skip":true},"83":{"start":{"line":324,"column":8},"end":{"line":324,"column":14},"skip":true}},"branchMap":{"1":{"line":39,"type":"binary-expr","locations":[{"start":{"line":39,"column":23},"end":{"line":39,"column":62}},{"start":{"line":40,"column":20},"end":{"line":40,"column":70}},{"start":{"line":41,"column":20},"end":{"line":41,"column":71}},{"start":{"line":42,"column":20},"end":{"line":42,"column":29}}]},"2":{"line":44,"type":"binary-expr","locations":[{"start":{"line":44,"column":23},"end":{"line":44,"column":37}},{"start":{"line":45,"column":20},"end":{"line":45,"column":61}},{"start":{"line":46,"column":20},"end":{"line":46,"column":70}},{"start":{"line":47,"column":20},"end":{"line":47,"column":26}}]},"3":{"line":51,"type":"cond-expr","locations":[{"start":{"line":52,"column":14},"end":{"line":52,"column":20}},{"start":{"line":53,"column":14},"end":{"line":53,"column":20}}]},"4":{"line":55,"type":"binary-expr","locations":[{"start":{"line":55,"column":16},"end":{"line":55,"column":44}},{"start":{"line":55,"column":49},"end":{"line":57,"column":43}}]},"5":{"line":55,"type":"cond-expr","locations":[{"start":{"line":56,"column":14},"end":{"line":56,"column":54}},{"start":{"line":57,"column":14},"end":{"line":57,"column":43}}]},"6":{"line":61,"type":"switch","locations":[{"start":{"line":68,"column":4},"end":{"line":150,"column":14},"skip":true},{"start":{"line":156,"column":4},"end":{"line":324,"column":14},"skip":true}]},"7":{"line":70,"type":"if","locations":[{"start":{"line":70,"column":12},"end":{"line":70,"column":12},"skip":true},{"start":{"line":70,"column":12},"end":{"line":70,"column":12},"skip":true}]},"8":{"line":70,"type":"binary-expr","locations":[{"start":{"line":70,"column":16},"end":{"line":70,"column":22},"skip":true},{"start":{"line":70,"column":27},"end":{"line":70,"column":32},"skip":true},{"start":{"line":71,"column":20},"end":{"line":71,"column":39},"skip":true},{"start":{"line":72,"column":20},"end":{"line":72,"column":49},"skip":true},{"start":{"line":73,"column":20},"end":{"line":73,"column":58},"skip":true},{"start":{"line":74,"column":20},"end":{"line":74,"column":69},"skip":true}]},"9":{"line":79,"type":"switch","locations":[{"start":{"line":80,"column":20},"end":{"line":80,"column":33},"skip":true},{"start":{"line":81,"column":20},"end":{"line":83,"column":30},"skip":true},{"start":{"line":84,"column":20},"end":{"line":85,"column":49},"skip":true}]},"10":{"line":89,"type":"switch","locations":[{"start":{"line":90,"column":12},"end":{"line":103,"column":22},"skip":true},{"start":{"line":105,"column":12},"end":{"line":106,"column":22},"skip":true}]},"11":{"line":89,"type":"binary-expr","locations":[{"start":{"line":89,"column":20},"end":{"line":89,"column":25},"skip":true},{"start":{"line":89,"column":29},"end":{"line":89,"column":48},"skip":true},{"start":{"line":89,"column":52},"end":{"line":89,"column":74},"skip":true}]},"12":{"line":92,"type":"if","locations":[{"start":{"line":92,"column":16},"end":{"line":92,"column":16},"skip":true},{"start":{"line":92,"column":16},"end":{"line":92,"column":16},"skip":true}]},"13":{"line":108,"type":"if","locations":[{"start":{"line":108,"column":12},"end":{"line":108,"column":12},"skip":true},{"start":{"line":108,"column":12},"end":{"line":108,"column":12},"skip":true}]},"14":{"line":108,"type":"binary-expr","locations":[{"start":{"line":108,"column":16},"end":{"line":108,"column":61},"skip":true},{"start":{"line":108,"column":66},"end":{"line":108,"column":72},"skip":true},{"start":{"line":108,"column":77},"end":{"line":108,"column":82},"skip":true},{"start":{"line":109,"column":20},"end":{"line":109,"column":39},"skip":true},{"start":{"line":110,"column":20},"end":{"line":110,"column":49},"skip":true},{"start":{"line":111,"column":20},"end":{"line":111,"column":58},"skip":true},{"start":{"line":112,"column":20},"end":{"line":112,"column":68},"skip":true}]},"15":{"line":129,"type":"if","locations":[{"start":{"line":129,"column":16},"end":{"line":129,"column":16},"skip":true},{"start":{"line":129,"column":16},"end":{"line":129,"column":16},"skip":true}]},"16":{"line":134,"type":"cond-expr","locations":[{"start":{"line":135,"column":26},"end":{"line":135,"column":29},"skip":true},{"start":{"line":136,"column":26},"end":{"line":136,"column":54},"skip":true}]},"17":{"line":164,"type":"binary-expr","locations":[{"start":{"line":164,"column":27},"end":{"line":164,"column":43},"skip":true},{"start":{"line":164,"column":47},"end":{"line":164,"column":49},"skip":true}]},"18":{"line":258,"type":"if","locations":[{"start":{"line":258,"column":8},"end":{"line":258,"column":8},"skip":true},{"start":{"line":258,"column":8},"end":{"line":258,"column":8},"skip":true}]},"19":{"line":275,"type":"switch","locations":[{"start":{"line":276,"column":20},"end":{"line":277,"column":64},"skip":true},{"start":{"line":278,"column":20},"end":{"line":279,"column":40},"skip":true},{"start":{"line":280,"column":20},"end":{"line":281,"column":40},"skip":true},{"start":{"line":282,"column":20},"end":{"line":283,"column":39},"skip":true}]},"20":{"line":288,"type":"if","locations":[{"start":{"line":288,"column":8},"end":{"line":288,"column":8},"skip":true},{"start":{"line":288,"column":8},"end":{"line":288,"column":8},"skip":true}]},"21":{"line":288,"type":"binary-expr","locations":[{"start":{"line":288,"column":12},"end":{"line":288,"column":40},"skip":true},{"start":{"line":288,"column":44},"end":{"line":288,"column":67},"skip":true}]},"22":{"line":292,"type":"binary-expr","locations":[{"start":{"line":292,"column":12},"end":{"line":292,"column":50},"skip":true},{"start":{"line":293,"column":12},"end":{"line":293,"column":53},"skip":true}]},"23":{"line":297,"type":"binary-expr","locations":[{"start":{"line":297,"column":12},"end":{"line":297,"column":68},"skip":true},{"start":{"line":298,"column":12},"end":{"line":301,"column":36},"skip":true}]},"24":{"line":303,"type":"binary-expr","locations":[{"start":{"line":303,"column":43},"end":{"line":303,"column":75},"skip":true},{"start":{"line":303,"column":79},"end":{"line":303,"column":81},"skip":true}]},"25":{"line":306,"type":"if","locations":[{"start":{"line":306,"column":8},"end":{"line":306,"column":8},"skip":true},{"start":{"line":306,"column":8},"end":{"line":306,"column":8},"skip":true}]},"26":{"line":310,"type":"if","locations":[{"start":{"line":310,"column":8},"end":{"line":310,"column":8},"skip":true},{"start":{"line":310,"column":8},"end":{"line":310,"column":8},"skip":true}]},"27":{"line":313,"type":"binary-expr","locations":[{"start":{"line":313,"column":27},"end":{"line":313,"column":43},"skip":true},{"start":{"line":313,"column":47},"end":{"line":313,"column":53},"skip":true}]},"28":{"line":317,"type":"if","locations":[{"start":{"line":317,"column":12},"end":{"line":317,"column":12},"skip":true},{"start":{"line":317,"column":12},"end":{"line":317,"column":12},"skip":true}]}},"code":["/*","example.js","","quickstart example","","instruction","    1. save this script as example.js","    2. run the shell command:","        $ npm install npmtest-respond.js && PORT=8081 node example.js","    3. play with the browser-demo on http://127.0.0.1:8081","*/","","","","/* istanbul instrument in package npmtest_respond_js */","/*jslint","    bitwise: true,","    browser: true,","    maxerr: 8,","    maxlen: 96,","    node: true,","    nomen: true,","    regexp: true,","    stupid: true","*/","(function () {","    'use strict';","    var local;","","","","    // run shared js-env code - pre-init","    (function () {","        // init local","        local = {};","        // init modeJs","        local.modeJs = (function () {","            try {","                return typeof navigator.userAgent === 'string' &&","                    typeof document.querySelector('body') === 'object' &&","                    typeof XMLHttpRequest.prototype.open === 'function' &&","                    'browser';","            } catch (errorCaughtBrowser) {","                return module.exports &&","                    typeof process.versions.node === 'string' &&","                    typeof require('http').createServer === 'function' &&","                    'node';","            }","        }());","        // init global","        local.global = local.modeJs === 'browser'","            ? window","            : global;","        // init utility2_rollup","        local = local.global.utility2_rollup || (local.modeJs === 'browser'","            ? local.global.utility2_npmtest_respond_js","            : global.utility2_moduleExports);","        // export local","        local.global.local = local;","    }());","    switch (local.modeJs) {","","","","    // post-init","    // run browser js-env code - post-init","    /* istanbul ignore next */","    case 'browser':","        local.testRunBrowser = function (event) {","            if (!event || (event &&","                    event.currentTarget &&","                    event.currentTarget.className &&","                    event.currentTarget.className.includes &&","                    event.currentTarget.className.includes('onreset'))) {","                // reset output","                Array.from(","                    document.querySelectorAll('body > .resettable')","                ).forEach(function (element) {","                    switch (element.tagName) {","                    case 'INPUT':","                    case 'TEXTAREA':","                        element.value = '';","                        break;","                    default:","                        element.textContent = '';","                    }","                });","            }","            switch (event && event.currentTarget && event.currentTarget.id) {","            case 'testRunButton1':","                // show tests","                if (document.querySelector('#testReportDiv1').style.display === 'none') {","                    document.querySelector('#testReportDiv1').style.display = 'block';","                    document.querySelector('#testRunButton1').textContent =","                        'hide internal test';","                    local.modeTest = true;","                    local.testRunDefault(local);","                // hide tests","                } else {","                    document.querySelector('#testReportDiv1').style.display = 'none';","                    document.querySelector('#testRunButton1').textContent = 'run internal test';","                }","                break;","            // custom-case","            default:","                break;","            }","            if (document.querySelector('#inputTextareaEval1') && (!event || (event &&","                    event.currentTarget &&","                    event.currentTarget.className &&","                    event.currentTarget.className.includes &&","                    event.currentTarget.className.includes('oneval')))) {","                // try to eval input-code","                try {","                    /*jslint evil: true*/","                    eval(document.querySelector('#inputTextareaEval1').value);","                } catch (errorCaught) {","                    console.error(errorCaught);","                }","            }","        };","        // log stderr and stdout to #outputTextareaStdout1","        ['error', 'log'].forEach(function (key) {","            console[key + '_original'] = console[key];","            console[key] = function () {","                var element;","                console[key + '_original'].apply(console, arguments);","                element = document.querySelector('#outputTextareaStdout1');","                if (!element) {","                    return;","                }","                // append text to #outputTextareaStdout1","                element.value += Array.from(arguments).map(function (arg) {","                    return typeof arg === 'string'","                        ? arg","                        : JSON.stringify(arg, null, 4);","                }).join(' ') + '\\n';","                // scroll textarea to bottom","                element.scrollTop = element.scrollHeight;","            };","        });","        // init event-handling","        ['change', 'click', 'keyup'].forEach(function (event) {","            Array.from(document.querySelectorAll('.on' + event)).forEach(function (element) {","                element.addEventListener(event, local.testRunBrowser);","            });","        });","        // run tests","        local.testRunBrowser();","        break;","","","","    // run node js-env code - post-init","    /* istanbul ignore next */","    case 'node':","        // export local","        module.exports = local;","        // require modules","        local.fs = require('fs');","        local.http = require('http');","        local.url = require('url');","        // init assets","        local.assetsDict = local.assetsDict || {};","        /* jslint-ignore-begin */","        local.assetsDict['/assets.index.template.html'] = '\\","<!doctype html>\\n\\","<html lang=\"en\">\\n\\","<head>\\n\\","<meta charset=\"UTF-8\">\\n\\","<meta name=\"viewport\" content=\"width=device-width, initial-scale=1\">\\n\\","<title>{{env.npm_package_name}} (v{{env.npm_package_version}})</title>\\n\\","<style>\\n\\","/*csslint\\n\\","    box-sizing: false,\\n\\","    universal-selector: false\\n\\","*/\\n\\","* {\\n\\","    box-sizing: border-box;\\n\\","}\\n\\","body {\\n\\","    background: #dde;\\n\\","    font-family: Arial, Helvetica, sans-serif;\\n\\","    margin: 2rem;\\n\\","}\\n\\","body > * {\\n\\","    margin-bottom: 1rem;\\n\\","}\\n\\",".utility2FooterDiv {\\n\\","    margin-top: 20px;\\n\\","    text-align: center;\\n\\","}\\n\\","</style>\\n\\","<style>\\n\\","/*csslint\\n\\","*/\\n\\","textarea {\\n\\","    font-family: monospace;\\n\\","    height: 10rem;\\n\\","    width: 100%;\\n\\","}\\n\\","textarea[readonly] {\\n\\","    background: #ddd;\\n\\","}\\n\\","</style>\\n\\","</head>\\n\\","<body>\\n\\","<!-- utility2-comment\\n\\","<div id=\"ajaxProgressDiv1\" style=\"background: #d00; height: 2px; left: 0; margin: 0; padding: 0; position: fixed; top: 0; transition: background 0.5s, width 1.5s; width: 25%;\"></div>\\n\\","utility2-comment -->\\n\\","<h1>\\n\\","<!-- utility2-comment\\n\\","    <a\\n\\","        {{#if env.npm_package_homepage}}\\n\\","        href=\"{{env.npm_package_homepage}}\"\\n\\","        {{/if env.npm_package_homepage}}\\n\\","        target=\"_blank\"\\n\\","    >\\n\\","utility2-comment -->\\n\\","        {{env.npm_package_name}} (v{{env.npm_package_version}})\\n\\","<!-- utility2-comment\\n\\","    </a>\\n\\","utility2-comment -->\\n\\","</h1>\\n\\","<h3>{{env.npm_package_description}}</h3>\\n\\","<!-- utility2-comment\\n\\","<h4><a download href=\"assets.app.js\">download standalone app</a></h4>\\n\\","<button class=\"onclick onreset\" id=\"testRunButton1\">run internal test</button><br>\\n\\","<div id=\"testReportDiv1\" style=\"display: none;\"></div>\\n\\","utility2-comment -->\\n\\","\\n\\","\\n\\","\\n\\","<label>stderr and stdout</label>\\n\\","<textarea class=\"resettable\" id=\"outputTextareaStdout1\" readonly></textarea>\\n\\","<!-- utility2-comment\\n\\","{{#if isRollup}}\\n\\","<script src=\"assets.app.js\"></script>\\n\\","{{#unless isRollup}}\\n\\","utility2-comment -->\\n\\","<script src=\"assets.utility2.rollup.js\"></script>\\n\\","<script src=\"jsonp.utility2._stateInit?callback=window.utility2._stateInit\"></script>\\n\\","<script src=\"assets.npmtest_respond_js.rollup.js\"></script>\\n\\","<script src=\"assets.example.js\"></script>\\n\\","<script src=\"assets.test.js\"></script>\\n\\","<!-- utility2-comment\\n\\","{{/if isRollup}}\\n\\","utility2-comment -->\\n\\","<div class=\"utility2FooterDiv\">\\n\\","    [ this app was created with\\n\\","    <a href=\"https://github.com/kaizhu256/node-utility2\" target=\"_blank\">utility2</a>\\n\\","    ]\\n\\","</div>\\n\\","</body>\\n\\","</html>\\n\\","';","        /* jslint-ignore-end */","        if (local.templateRender) {","            local.assetsDict['/'] = local.templateRender(","                local.assetsDict['/assets.index.template.html'],","                {","                    env: local.objectSetDefault(local.env, {","                        npm_package_description: 'the greatest app in the world!',","                        npm_package_name: 'my-app',","                        npm_package_nameAlias: 'my_app',","                        npm_package_version: '0.0.1'","                    })","                }","            );","        } else {","            local.assetsDict['/'] = local.assetsDict['/assets.index.template.html']","                .replace((/\\{\\{env\\.(\\w+?)\\}\\}/g), function (match0, match1) {","                    // jslint-hack","                    String(match0);","                    switch (match1) {","                    case 'npm_package_description':","                        return 'the greatest app in the world!';","                    case 'npm_package_name':","                        return 'my-app';","                    case 'npm_package_nameAlias':","                        return 'my_app';","                    case 'npm_package_version':","                        return '0.0.1';","                    }","                });","        }","        // run the cli","        if (local.global.utility2_rollup || module !== require.main) {","            break;","        }","        local.assetsDict['/assets.example.js'] =","            local.assetsDict['/assets.example.js'] ||","            local.fs.readFileSync(__filename, 'utf8');","        // bug-workaround - long $npm_package_buildCustomOrg","        /* jslint-ignore-begin */","        local.assetsDict['/assets.npmtest_respond_js.rollup.js'] =","            local.assetsDict['/assets.npmtest_respond_js.rollup.js'] ||","            local.fs.readFileSync(","                local.npmtest_respond_js.__dirname + '/lib.npmtest_respond_js.js',","                'utf8'","            ).replace((/^#!/), '//');","        /* jslint-ignore-end */","        local.assetsDict['/favicon.ico'] = local.assetsDict['/favicon.ico'] || '';","        // if $npm_config_timeout_exit exists,","        // then exit this process after $npm_config_timeout_exit ms","        if (Number(process.env.npm_config_timeout_exit)) {","            setTimeout(process.exit, Number(process.env.npm_config_timeout_exit));","        }","        // start server","        if (local.global.utility2_serverHttp1) {","            break;","        }","        process.env.PORT = process.env.PORT || '8081';","        console.error('server starting on port ' + process.env.PORT);","        local.http.createServer(function (request, response) {","            request.urlParsed = local.url.parse(request.url);","            if (local.assetsDict[request.urlParsed.pathname] !== undefined) {","                response.end(local.assetsDict[request.urlParsed.pathname]);","                return;","            }","            response.statusCode = 404;","            response.end();","        }).listen(process.env.PORT);","        break;","    }","}());",""],"l":{"26":2,"28":2,"33":2,"35":2,"37":2,"38":2,"39":2,"44":1,"51":2,"55":2,"59":2,"61":2,"69":1,"70":2,"76":2,"79":2,"82":2,"83":2,"85":1,"89":2,"92":1,"93":1,"94":1,"96":1,"97":1,"100":1,"101":1,"103":1,"106":1,"108":2,"114":1,"116":1,"118":1,"123":1,"124":2,"125":2,"126":3,"127":3,"128":3,"129":3,"130":1,"133":3,"134":3,"139":3,"143":1,"144":3,"145":1,"149":1,"150":1,"158":1,"160":1,"161":1,"162":1,"164":1,"166":1,"258":1,"259":1,"271":1,"274":6,"275":6,"277":1,"279":2,"281":1,"283":2,"288":1,"289":1,"291":1,"296":1,"303":1,"306":1,"307":1,"310":1,"311":1,"313":1,"314":1,"315":1,"316":1,"317":1,"318":1,"319":1,"321":1,"322":1,"324":1}},"/home/travis/build/npmtest/node-npmtest-respond.js/node_modules/respond.js/Gruntfile.js":{"path":"/home/travis/build/npmtest/node-npmtest-respond.js/node_modules/respond.js/Gruntfile.js","s":{"1":1,"2":0,"3":0,"4":0,"5":0},"b":{},"f":{"1":0},"fnMap":{"1":{"name":"(anonymous_1)","line":1,"loc":{"start":{"line":1,"column":17},"end":{"line":1,"column":33}}}},"statementMap":{"1":{"start":{"line":1,"column":0},"end":{"line":92,"column":2}},"2":{"start":{"line":5,"column":1},"end":{"line":84,"column":4}},"3":{"start":{"line":86,"column":1},"end":{"line":86,"column":46}},"4":{"start":{"line":87,"column":1},"end":{"line":87,"column":46}},"5":{"start":{"line":90,"column":1},"end":{"line":90,"column":53}}},"branchMap":{},"code":["module.exports = function(grunt) {","\t\"use strict\";","","\t// Project configuration.","\tgrunt.initConfig({","\t\tpkg: grunt.file.readJSON('package.json'),","\t\tbanner:","\t\t\t\t\t\t'/*! Respond.js v<%= pkg.version %>: <%= pkg.description %>\\n' +","\t\t\t\t\t\t' * Copyright <%= grunt.template.today(\"yyyy\") %> <%= pkg.author.name %>\\n' +","\t\t\t\t\t\t' * Licensed under <%= _.pluck(pkg.licenses, \"type\").join(\", \") %>\\n' + ","\t\t\t\t\t\t' * <%= pkg.homepageShortened %>' +","\t\t\t\t\t\t' */\\n\\n',","\t\tuglify: {","\t\t\tnonMinMatchMedia: {","\t\t\t\toptions: {","\t\t\t\t\tbanner: '<%= banner %>',","\t\t\t\t\tmangle: false,","\t\t\t\t\tcompress: false,","\t\t\t\t\tpreserveComments: 'some',","\t\t\t\t\tbeautify: {","\t\t\t\t\t\tbeautify: true,","\t\t\t\t\t\tindent_level: 2","\t\t\t\t\t}","\t\t\t\t},","\t\t\t\tfiles: {","\t\t\t\t\t'dest/respond.src.js': ['src/matchmedia.polyfill.js', 'src/respond.js']","\t\t\t\t}","\t\t\t},","\t\t\tminMatchMedia: {","\t\t\t\toptions: {","\t\t\t\t\tbanner: '<%= banner %>'","\t\t\t\t},","\t\t\t\tfiles: {","\t\t\t\t\t'dest/respond.min.js': ['src/matchmedia.polyfill.js', 'src/respond.js']","\t\t\t\t}","\t\t\t},","\t\t\tnonMinMatchMediaListener: {","\t\t\t\toptions: {","\t\t\t\t\tbanner: '<%= banner %>',","\t\t\t\t\tmangle: false,","\t\t\t\t\tcompress: false,","\t\t\t\t\tpreserveComments: 'some',","\t\t\t\t\tbeautify: {","\t\t\t\t\t\tbeautify: true,","\t\t\t\t\t\tindent_level: 2","\t\t\t\t\t}","\t\t\t\t},","\t\t\t\tfiles: {","\t\t\t\t\t'dest/respond.matchmedia.addListener.src.js': ['src/matchmedia.polyfill.js', 'src/matchmedia.addListener.js', 'src/respond.js']","\t\t\t\t}","\t\t\t},","\t\t\tminMatchMediaListener: {","\t\t\t\toptions: {","\t\t\t\t\tbanner: '<%= banner %>'","\t\t\t\t},","\t\t\t\tfiles: {","\t\t\t\t\t'dest/respond.matchmedia.addListener.min.js': ['src/matchmedia.polyfill.js', 'src/matchmedia.addListener.js', 'src/respond.js']","\t\t\t\t}","\t\t\t}","\t\t},","\t\tjshint: {","\t\t\tfiles: ['src/respond.js', 'src/matchmedia.polyfill.js'],","\t\t\toptions: {","\t\t\t\tcurly: true,","\t\t\t\teqeqeq: true,","\t\t\t\timmed: true,","\t\t\t\tlatedef: false,","\t\t\t\tnewcap: true,","\t\t\t\tnoarg: true,","\t\t\t\tsub: true,","\t\t\t\tundef: true,","\t\t\t\tboss: true,","\t\t\t\teqnull: true,","\t\t\t\tsmarttabs: true,","\t\t\t\tnode: true,","\t\t\t\tes5: true,","\t\t\t\tstrict: false","\t\t\t},","\t\t\tglobals: {","\t\t\t\tImage: true,","\t\t\t\twindow: true","\t\t\t}","\t\t}","\t});","","\tgrunt.loadNpmTasks( 'grunt-contrib-jshint' );","\tgrunt.loadNpmTasks( 'grunt-contrib-uglify' );","","\t// Default task.","\tgrunt.registerTask('default', ['jshint', 'uglify']);","","};",""],"l":{"1":1,"5":0,"86":0,"87":0,"90":0}},"/home/travis/build/npmtest/node-npmtest-respond.js/node_modules/respond.js/cross-domain/respond.proxy.js":{"path":"/home/travis/build/npmtest/node-npmtest-respond.js/node_modules/respond.js/cross-domain/respond.proxy.js","s":{"1":2,"2":0,"3":1,"4":0,"5":1,"6":0,"7":0,"8":0,"9":0,"10":0,"11":0,"12":0,"13":0,"14":0,"15":0,"16":0,"17":1,"18":0,"19":0,"20":0,"21":0,"22":0,"23":0,"24":0,"25":0,"26":0,"27":0,"28":0,"29":0,"30":0,"31":0,"32":1,"33":0,"34":0,"35":0,"36":1,"37":0,"38":0,"39":0,"40":0,"41":0,"42":0,"43":0,"44":1,"45":0,"46":0,"47":0,"48":0,"49":0,"50":0,"51":0,"52":0,"53":0,"54":0,"55":0},"b":{"1":[0,0],"2":[0,0],"3":[0,0],"4":[0,0],"5":[0,0],"6":[0,0],"7":[0,0],"8":[0,0],"9":[0,0,0],"10":[0,0],"11":[0,0],"12":[0,0]},"f":{"1":0,"2":0,"3":0,"4":0,"5":0,"6":0,"7":0,"8":0,"9":0},"fnMap":{"1":{"name":"(anonymous_1)","line":2,"loc":{"start":{"line":2,"column":1},"end":{"line":2,"column":30}}},"2":{"name":"encode","line":10,"loc":{"start":{"line":10,"column":1},"end":{"line":10,"column":21}}},"3":{"name":"fakejax","line":14,"loc":{"start":{"line":14,"column":2},"end":{"line":14,"column":35}}},"4":{"name":"checkFrameName","line":35,"loc":{"start":{"line":35,"column":2},"end":{"line":35,"column":28}}},"5":{"name":"checkBaseURL","line":70,"loc":{"start":{"line":70,"column":1},"end":{"line":70,"column":29}}},"6":{"name":"checkRedirectURL","line":80,"loc":{"start":{"line":80,"column":1},"end":{"line":80,"column":29}}},"7":{"name":"buildUrls","line":100,"loc":{"start":{"line":100,"column":1},"end":{"line":100,"column":21}}},"8":{"name":"(anonymous_8)","line":112,"loc":{"start":{"line":112,"column":5},"end":{"line":112,"column":21}}},"9":{"name":"(anonymous_9)","line":113,"loc":{"start":{"line":113,"column":20},"end":{"line":113,"column":35}}}},"statementMap":{"1":{"start":{"line":2,"column":0},"end":{"line":129,"column":23}},"2":{"start":{"line":3,"column":1},"end":{"line":8,"column":10}},"3":{"start":{"line":10,"column":1},"end":{"line":12,"column":2}},"4":{"start":{"line":11,"column":2},"end":{"line":11,"column":37}},"5":{"start":{"line":14,"column":2},"end":{"line":67,"column":2}},"6":{"start":{"line":16,"column":2},"end":{"line":17,"column":7}},"7":{"start":{"line":21,"column":2},"end":{"line":31,"column":3}},"8":{"start":{"line":22,"column":3},"end":{"line":22,"column":41}},"9":{"start":{"line":23,"column":3},"end":{"line":23,"column":14}},"10":{"start":{"line":24,"column":3},"end":{"line":24,"column":43}},"11":{"start":{"line":25,"column":3},"end":{"line":25,"column":15}},"12":{"start":{"line":26,"column":3},"end":{"line":26,"column":38}},"13":{"start":{"line":28,"column":3},"end":{"line":28,"column":42}},"14":{"start":{"line":29,"column":3},"end":{"line":29,"column":56}},"15":{"start":{"line":30,"column":3},"end":{"line":30,"column":82}},"16":{"start":{"line":33,"column":2},"end":{"line":33,"column":108}},"17":{"start":{"line":35,"column":2},"end":{"line":64,"column":3}},"18":{"start":{"line":36,"column":3},"end":{"line":36,"column":15}},"19":{"start":{"line":38,"column":3},"end":{"line":41,"column":16}},"20":{"start":{"line":39,"column":4},"end":{"line":39,"column":40}},"21":{"start":{"line":43,"column":3},"end":{"line":63,"column":4}},"22":{"start":{"line":45,"column":4},"end":{"line":45,"column":31}},"23":{"start":{"line":46,"column":4},"end":{"line":46,"column":42}},"24":{"start":{"line":47,"column":4},"end":{"line":47,"column":18}},"25":{"start":{"line":51,"column":4},"end":{"line":57,"column":5}},"26":{"start":{"line":52,"column":5},"end":{"line":52,"column":16}},"27":{"start":{"line":54,"column":5},"end":{"line":56,"column":6}},"28":{"start":{"line":55,"column":6},"end":{"line":55,"column":27}},"29":{"start":{"line":59,"column":4},"end":{"line":59,"column":22}},"30":{"start":{"line":62,"column":4},"end":{"line":62,"column":40}},"31":{"start":{"line":66,"column":2},"end":{"line":66,"column":38}},"32":{"start":{"line":70,"column":1},"end":{"line":78,"column":2}},"33":{"start":{"line":71,"column":8},"end":{"line":74,"column":38}},"34":{"start":{"line":76,"column":8},"end":{"line":76,"column":60}},"35":{"start":{"line":77,"column":8},"end":{"line":77,"column":34}},"36":{"start":{"line":80,"column":1},"end":{"line":98,"column":2}},"37":{"start":{"line":84,"column":2},"end":{"line":97,"column":3}},"38":{"start":{"line":86,"column":3},"end":{"line":86,"column":43}},"39":{"start":{"line":88,"column":3},"end":{"line":88,"column":61}},"40":{"start":{"line":89,"column":3},"end":{"line":89,"column":84}},"41":{"start":{"line":92,"column":3},"end":{"line":92,"column":42}},"42":{"start":{"line":95,"column":3},"end":{"line":95,"column":45}},"43":{"start":{"line":96,"column":3},"end":{"line":96,"column":19}},"44":{"start":{"line":100,"column":1},"end":{"line":122,"column":2}},"45":{"start":{"line":101,"column":2},"end":{"line":101,"column":49}},"46":{"start":{"line":103,"column":2},"end":{"line":119,"column":3}},"47":{"start":{"line":105,"column":3},"end":{"line":108,"column":44}},"48":{"start":{"line":111,"column":3},"end":{"line":118,"column":4}},"49":{"start":{"line":112,"column":4},"end":{"line":117,"column":19}},"50":{"start":{"line":113,"column":5},"end":{"line":116,"column":9}},"51":{"start":{"line":114,"column":6},"end":{"line":114,"column":39}},"52":{"start":{"line":115,"column":6},"end":{"line":115,"column":23}},"53":{"start":{"line":124,"column":1},"end":{"line":127,"column":2}},"54":{"start":{"line":125,"column":2},"end":{"line":125,"column":21}},"55":{"start":{"line":126,"column":2},"end":{"line":126,"column":14}}},"branchMap":{"1":{"line":5,"type":"binary-expr","locations":[{"start":{"line":5,"column":18},"end":{"line":5,"column":56}},{"start":{"line":5,"column":60},"end":{"line":5,"column":68}}]},"2":{"line":21,"type":"if","locations":[{"start":{"line":21,"column":2},"end":{"line":21,"column":2}},{"start":{"line":21,"column":2},"end":{"line":21,"column":2}}]},"3":{"line":30,"type":"binary-expr","locations":[{"start":{"line":30,"column":32},"end":{"line":30,"column":57}},{"start":{"line":30,"column":61},"end":{"line":30,"column":79}}]},"4":{"line":43,"type":"if","locations":[{"start":{"line":43,"column":3},"end":{"line":43,"column":3}},{"start":{"line":43,"column":3},"end":{"line":43,"column":3}}]},"5":{"line":51,"type":"if","locations":[{"start":{"line":51,"column":4},"end":{"line":51,"column":4}},{"start":{"line":51,"column":4},"end":{"line":51,"column":4}}]},"6":{"line":54,"type":"if","locations":[{"start":{"line":54,"column":5},"end":{"line":54,"column":5}},{"start":{"line":54,"column":5},"end":{"line":54,"column":5}}]},"7":{"line":84,"type":"if","locations":[{"start":{"line":84,"column":2},"end":{"line":84,"column":2}},{"start":{"line":84,"column":2},"end":{"line":84,"column":2}}]},"8":{"line":89,"type":"binary-expr","locations":[{"start":{"line":89,"column":34},"end":{"line":89,"column":59}},{"start":{"line":89,"column":63},"end":{"line":89,"column":81}}]},"9":{"line":108,"type":"binary-expr","locations":[{"start":{"line":108,"column":13},"end":{"line":108,"column":21}},{"start":{"line":108,"column":25},"end":{"line":108,"column":32}},{"start":{"line":108,"column":37},"end":{"line":108,"column":43}}]},"10":{"line":111,"type":"if","locations":[{"start":{"line":111,"column":3},"end":{"line":111,"column":3}},{"start":{"line":111,"column":3},"end":{"line":111,"column":3}}]},"11":{"line":111,"type":"binary-expr","locations":[{"start":{"line":111,"column":7},"end":{"line":111,"column":48}},{"start":{"line":111,"column":52},"end":{"line":111,"column":55}}]},"12":{"line":124,"type":"if","locations":[{"start":{"line":124,"column":1},"end":{"line":124,"column":1}},{"start":{"line":124,"column":1},"end":{"line":124,"column":1}}]}},"code":["/*! Respond.js: min/max-width media query polyfill. Remote proxy (c) Scott Jehl. MIT/GPLv2 Lic. j.mp/respondjs  */","(function(win, doc, undefined){","\tvar docElem\t\t\t= doc.documentElement,","\t\tproxyURL\t\t= doc.getElementById(\"respond-proxy\").href,","\t\tredirectURL\t\t= (doc.getElementById(\"respond-redirect\") || location).href,","\t\tbaseElem\t\t= doc.getElementsByTagName(\"base\")[0],","\t\turls\t\t\t= [],","\t\trefNode;","","\tfunction encode(url){","\t\treturn win.encodeURIComponent(url);","\t}","","\t function fakejax( url, callback ){","","\t\tvar iframe,","\t\t\tAXO;","\t\t","\t\t// All hail Google http://j.mp/iKMI19","\t\t// Behold, an iframe proxy without annoying clicky noises.","\t\tif ( \"ActiveXObject\" in win ) {","\t\t\tAXO = new ActiveXObject( \"htmlfile\" );","\t\t\tAXO.open();","\t\t\tAXO.write( '<iframe id=\"x\"></iframe>' );","\t\t\tAXO.close();","\t\t\tiframe = AXO.getElementById( \"x\" );","\t\t} else {","\t\t\tiframe = doc.createElement( \"iframe\" );","\t\t\tiframe.style.cssText = \"position:absolute;top:-99em\";","\t\t\tdocElem.insertBefore(iframe, docElem.firstElementChild || docElem.firstChild );","\t\t}","","\t\tiframe.src = checkBaseURL(proxyURL) + \"?url=\" + encode(redirectURL) + \"&css=\" + encode(checkBaseURL(url));","\t\t","\t\tfunction checkFrameName() {","\t\t\tvar cssText;","","\t\t\ttry {","\t\t\t\tcssText = iframe.contentWindow.name;","\t\t\t}","\t\t\tcatch (e) { }","","\t\t\tif (cssText) {","\t\t\t\t// We've got what we need. Stop the iframe from loading further content.","\t\t\t\tiframe.src = \"about:blank\";","\t\t\t\tiframe.parentNode.removeChild(iframe);","\t\t\t\tiframe = null;","","\t\t\t","\t\t\t\t// Per http://j.mp/kn9EPh, not taking any chances. Flushing the ActiveXObject","\t\t\t\tif (AXO) {","\t\t\t\t\tAXO = null;","","\t\t\t\t\tif (win.CollectGarbage) {","\t\t\t\t\t\twin.CollectGarbage();","\t\t\t\t\t}","\t\t\t\t}","","\t\t\t\tcallback(cssText);","\t\t\t}","\t\t\telse{","\t\t\t\twin.setTimeout(checkFrameName, 100);","\t\t\t}","\t\t}","\t\t","\t\twin.setTimeout(checkFrameName, 500);","\t}","","    // http://stackoverflow.com/a/472729","\tfunction checkBaseURL(href) {","        var el = document.createElement('div'),","        escapedURL = href.split('&').join('&amp;').","            split('<').join('&lt;').","            split('\"').join('&quot;');","","        el.innerHTML = '<a href=\"' + escapedURL + '\">x</a>';","        return el.firstChild.href;","\t}","\t","\tfunction checkRedirectURL() {","\t\t// IE6 & IE7 don't build out absolute urls in <link /> attributes.","\t\t// So respond.proxy.gif remains relative instead of http://example.com/respond.proxy.gif.","\t\t// This trickery resolves that issue.","\t\tif (~ !redirectURL.indexOf(location.host)) {","","\t\t\tvar fakeLink = doc.createElement(\"div\");","","\t\t\tfakeLink.innerHTML = '<a href=\"' + redirectURL + '\"></a>';","\t\t\tdocElem.insertBefore(fakeLink, docElem.firstElementChild || docElem.firstChild );","","\t\t\t// Grab the parsed URL from that dummy object","\t\t\tredirectURL = fakeLink.firstChild.href;","","\t\t\t// Clean up","\t\t\tfakeLink.parentNode.removeChild(fakeLink);","\t\t\tfakeLink = null;","\t\t}","\t}","\t","\tfunction buildUrls(){","\t\tvar links = doc.getElementsByTagName( \"link\" );","\t\t","\t\tfor( var i = 0, linkl = links.length; i < linkl; i++ ){","\t\t\t","\t\t\tvar thislink\t= links[i],","\t\t\t\thref\t\t= links[i].href,","\t\t\t\textreg\t\t= (/^([a-zA-Z:]*\\/\\/(www\\.)?)/).test( href ),","\t\t\t\text\t\t\t= (baseElem && !extreg) || extreg;","","\t\t\t//make sure it's an external stylesheet","\t\t\tif( thislink.rel.indexOf( \"stylesheet\" ) >= 0 && ext ){","\t\t\t\t(function( link ){\t\t\t","\t\t\t\t\tfakejax( href, function( css ){","\t\t\t\t\t\tlink.styleSheet.rawCssText = css;","\t\t\t\t\t\trespond.update();","\t\t\t\t\t} );","\t\t\t\t})( thislink );","\t\t\t}\t","\t\t}","","\t\t","\t}","\t","\tif( !respond.mediaQueriesSupported ){","\t\tcheckRedirectURL();","\t\tbuildUrls();","\t}","","})( window, document );",""],"l":{"2":2,"3":0,"10":1,"11":0,"14":1,"16":0,"21":0,"22":0,"23":0,"24":0,"25":0,"26":0,"28":0,"29":0,"30":0,"33":0,"35":1,"36":0,"38":0,"39":0,"43":0,"45":0,"46":0,"47":0,"51":0,"52":0,"54":0,"55":0,"59":0,"62":0,"66":0,"70":1,"71":0,"76":0,"77":0,"80":1,"84":0,"86":0,"88":0,"89":0,"92":0,"95":0,"96":0,"100":1,"101":0,"103":0,"105":0,"111":0,"112":0,"113":0,"114":0,"115":0,"124":0,"125":0,"126":0}},"/home/travis/build/npmtest/node-npmtest-respond.js/node_modules/respond.js/dest/respond.matchmedia.addListener.src.js":{"path":"/home/travis/build/npmtest/node-npmtest-respond.js/node_modules/respond.js/dest/respond.matchmedia.addListener.src.js","s":{"1":2,"2":2,"3":2,"4":0,"5":0,"6":0,"7":0,"8":0,"9":0,"10":0,"11":0,"12":0,"13":0,"14":0,"15":0,"16":0,"17":0,"18":0,"19":0,"20":0,"21":0,"22":0,"23":0,"24":0,"25":0,"26":0,"27":0,"28":0,"29":0,"30":0,"31":0,"32":0,"33":0,"34":0,"35":0,"36":0,"37":0,"38":0,"39":0,"40":0,"41":0,"42":0,"43":0,"44":0,"45":0,"46":0,"47":0,"48":0,"49":0,"50":0,"51":0,"52":0,"53":0,"54":0,"55":0,"56":0,"57":0,"58":0,"59":0,"60":0,"61":0,"62":0,"63":0,"64":0,"65":0,"66":0,"67":0,"68":0,"69":0,"70":0,"71":0,"72":0,"73":0,"74":0,"75":0,"76":0,"77":0,"78":0,"79":0,"80":0,"81":0,"82":0,"83":0,"84":0,"85":0,"86":0,"87":0,"88":0,"89":0,"90":0,"91":0,"92":0,"93":0,"94":0,"95":0,"96":0,"97":0,"98":0,"99":0,"100":0,"101":0,"102":0,"103":0,"104":0,"105":0,"106":0,"107":0,"108":0,"109":0,"110":0,"111":0,"112":0,"113":0,"114":0,"115":0,"116":0,"117":0,"118":0,"119":0,"120":0,"121":0,"122":0,"123":0,"124":0,"125":0,"126":0,"127":0,"128":0,"129":0,"130":0,"131":0,"132":0,"133":0,"134":0,"135":0,"136":0,"137":0,"138":0,"139":0,"140":0,"141":0,"142":0,"143":0,"144":0,"145":0,"146":0,"147":0,"148":0,"149":0,"150":0,"151":0,"152":0,"153":0,"154":0,"155":0,"156":0,"157":0,"158":0,"159":0,"160":0,"161":0,"162":0,"163":0,"164":0,"165":0,"166":0,"167":0,"168":1,"169":0,"170":0,"171":0,"172":0,"173":0},"b":{"1":[2,2],"2":[0,0],"3":[0,0],"4":[0,0],"5":[0,0],"6":[0,0],"7":[0,0],"8":[0,0],"9":[0,0],"10":[0,0],"11":[0,0],"12":[0,0],"13":[0,0,0],"14":[0,0],"15":[0,0,0],"16":[0,0],"17":[0,0],"18":[0,0],"19":[0,0],"20":[0,0],"21":[0,0],"22":[0,0],"23":[0,0,0,0],"24":[0,0],"25":[0,0,0],"26":[0,0],"27":[0,0],"28":[0,0],"29":[0,0],"30":[0,0],"31":[0,0],"32":[0,0],"33":[0,0],"34":[0,0,0,0,0,0,0],"35":[0,0],"36":[0,0],"37":[0,0],"38":[0,0],"39":[0,0],"40":[0,0],"41":[0,0,0],"42":[0,0],"43":[0,0],"44":[0,0],"45":[0,0],"46":[0,0],"47":[0,0],"48":[0,0],"49":[0,0,0],"50":[0,0],"51":[0,0],"52":[0,0],"53":[0,0],"54":[0,0],"55":[0,0],"56":[0,0],"57":[0,0,0],"58":[0,0],"59":[0,0],"60":[0,0],"61":[0,0,0],"62":[0,0],"63":[0,0],"64":[0,0]},"f":{"1":2,"2":2,"3":0,"4":0,"5":0,"6":0,"7":0,"8":0,"9":0,"10":0,"11":0,"12":0,"13":0,"14":0,"15":0,"16":0,"17":0,"18":0,"19":0,"20":0,"21":0,"22":0,"23":0,"24":0,"25":0},"fnMap":{"1":{"name":"(anonymous_1)","line":8,"loc":{"start":{"line":8,"column":1},"end":{"line":8,"column":13}}},"2":{"name":"(anonymous_2)","line":10,"loc":{"start":{"line":10,"column":33},"end":{"line":10,"column":58}}},"3":{"name":"(anonymous_3)","line":16,"loc":{"start":{"line":16,"column":11},"end":{"line":16,"column":23}}},"4":{"name":"(anonymous_4)","line":30,"loc":{"start":{"line":30,"column":1},"end":{"line":30,"column":13}}},"5":{"name":"(anonymous_5)","line":35,"loc":{"start":{"line":35,"column":158},"end":{"line":35,"column":172}}},"6":{"name":"(anonymous_6)","line":37,"loc":{"start":{"line":37,"column":29},"end":{"line":37,"column":40}}},"7":{"name":"(anonymous_7)","line":49,"loc":{"start":{"line":49,"column":17},"end":{"line":49,"column":33}}},"8":{"name":"(anonymous_8)","line":51,"loc":{"start":{"line":51,"column":22},"end":{"line":51,"column":41}}},"9":{"name":"(anonymous_9)","line":67,"loc":{"start":{"line":67,"column":25},"end":{"line":67,"column":44}}},"10":{"name":"(anonymous_10)","line":78,"loc":{"start":{"line":78,"column":1},"end":{"line":78,"column":13}}},"11":{"name":"(anonymous_11)","line":82,"loc":{"start":{"line":82,"column":19},"end":{"line":82,"column":30}}},"12":{"name":"(anonymous_12)","line":83,"loc":{"start":{"line":83,"column":35},"end":{"line":83,"column":46}}},"13":{"name":"(anonymous_13)","line":90,"loc":{"start":{"line":90,"column":11},"end":{"line":90,"column":22}}},"14":{"name":"(anonymous_14)","line":93,"loc":{"start":{"line":93,"column":14},"end":{"line":93,"column":38}}},"15":{"name":"(anonymous_15)","line":99,"loc":{"start":{"line":99,"column":29},"end":{"line":99,"column":40}}},"16":{"name":"(anonymous_16)","line":109,"loc":{"start":{"line":109,"column":31},"end":{"line":109,"column":47}}},"17":{"name":"(anonymous_17)","line":131,"loc":{"start":{"line":131,"column":329},"end":{"line":131,"column":340}}},"18":{"name":"(anonymous_18)","line":156,"loc":{"start":{"line":156,"column":18},"end":{"line":156,"column":39}}},"19":{"name":"(anonymous_19)","line":204,"loc":{"start":{"line":204,"column":17},"end":{"line":204,"column":47}}},"20":{"name":"(anonymous_20)","line":207,"loc":{"start":{"line":207,"column":18},"end":{"line":207,"column":32}}},"21":{"name":"(anonymous_21)","line":242,"loc":{"start":{"line":242,"column":20},"end":{"line":242,"column":31}}},"22":{"name":"(anonymous_22)","line":245,"loc":{"start":{"line":245,"column":29},"end":{"line":245,"column":46}}},"23":{"name":"(anonymous_23)","line":248,"loc":{"start":{"line":248,"column":21},"end":{"line":248,"column":32}}},"24":{"name":"(anonymous_24)","line":253,"loc":{"start":{"line":253,"column":14},"end":{"line":253,"column":25}}},"25":{"name":"callMedia","line":278,"loc":{"start":{"line":278,"column":2},"end":{"line":278,"column":23}}}},"statementMap":{"1":{"start":{"line":8,"column":0},"end":{"line":27,"column":9}},"2":{"start":{"line":10,"column":2},"end":{"line":26,"column":16}},"3":{"start":{"line":11,"column":4},"end":{"line":11,"column":173}},"4":{"start":{"line":12,"column":4},"end":{"line":12,"column":25}},"5":{"start":{"line":13,"column":4},"end":{"line":13,"column":55}},"6":{"start":{"line":14,"column":4},"end":{"line":14,"column":39}},"7":{"start":{"line":15,"column":4},"end":{"line":15,"column":30}},"8":{"start":{"line":16,"column":4},"end":{"line":25,"column":6}},"9":{"start":{"line":17,"column":6},"end":{"line":17,"column":91}},"10":{"start":{"line":18,"column":6},"end":{"line":18,"column":46}},"11":{"start":{"line":19,"column":6},"end":{"line":19,"column":36}},"12":{"start":{"line":20,"column":6},"end":{"line":20,"column":36}},"13":{"start":{"line":21,"column":6},"end":{"line":24,"column":8}},"14":{"start":{"line":30,"column":0},"end":{"line":76,"column":9}},"15":{"start":{"line":32,"column":2},"end":{"line":34,"column":3}},"16":{"start":{"line":33,"column":4},"end":{"line":33,"column":17}},"17":{"start":{"line":35,"column":2},"end":{"line":48,"column":4}},"18":{"start":{"line":36,"column":4},"end":{"line":36,"column":30}},"19":{"start":{"line":37,"column":4},"end":{"line":47,"column":11}},"20":{"start":{"line":38,"column":6},"end":{"line":46,"column":7}},"21":{"start":{"line":39,"column":8},"end":{"line":39,"column":119}},"22":{"start":{"line":40,"column":8},"end":{"line":45,"column":9}},"23":{"start":{"line":41,"column":10},"end":{"line":41,"column":32}},"24":{"start":{"line":42,"column":10},"end":{"line":44,"column":11}},"25":{"start":{"line":43,"column":12},"end":{"line":43,"column":38}},"26":{"start":{"line":49,"column":2},"end":{"line":75,"column":4}},"27":{"start":{"line":50,"column":4},"end":{"line":50,"column":64}},"28":{"start":{"line":51,"column":4},"end":{"line":66,"column":6}},"29":{"start":{"line":52,"column":6},"end":{"line":54,"column":7}},"30":{"start":{"line":53,"column":8},"end":{"line":53,"column":15}},"31":{"start":{"line":55,"column":6},"end":{"line":58,"column":7}},"32":{"start":{"line":56,"column":8},"end":{"line":56,"column":27}},"33":{"start":{"line":57,"column":8},"end":{"line":57,"column":57}},"34":{"start":{"line":59,"column":6},"end":{"line":64,"column":7}},"35":{"start":{"line":60,"column":8},"end":{"line":63,"column":11}},"36":{"start":{"line":65,"column":6},"end":{"line":65,"column":31}},"37":{"start":{"line":67,"column":4},"end":{"line":73,"column":6}},"38":{"start":{"line":68,"column":6},"end":{"line":72,"column":7}},"39":{"start":{"line":69,"column":8},"end":{"line":71,"column":9}},"40":{"start":{"line":70,"column":10},"end":{"line":70,"column":33}},"41":{"start":{"line":74,"column":4},"end":{"line":74,"column":15}},"42":{"start":{"line":78,"column":0},"end":{"line":286,"column":9}},"43":{"start":{"line":80,"column":2},"end":{"line":80,"column":19}},"44":{"start":{"line":81,"column":2},"end":{"line":81,"column":22}},"45":{"start":{"line":82,"column":2},"end":{"line":82,"column":33}},"46":{"start":{"line":83,"column":2},"end":{"line":111,"column":4}},"47":{"start":{"line":84,"column":4},"end":{"line":84,"column":30}},"48":{"start":{"line":85,"column":4},"end":{"line":89,"column":5}},"49":{"start":{"line":86,"column":6},"end":{"line":86,"column":45}},"50":{"start":{"line":88,"column":6},"end":{"line":88,"column":63}},"51":{"start":{"line":90,"column":4},"end":{"line":92,"column":6}},"52":{"start":{"line":91,"column":6},"end":{"line":91,"column":27}},"53":{"start":{"line":94,"column":4},"end":{"line":94,"column":24}},"54":{"start":{"line":95,"column":4},"end":{"line":97,"column":5}},"55":{"start":{"line":96,"column":6},"end":{"line":96,"column":13}},"56":{"start":{"line":98,"column":4},"end":{"line":98,"column":31}},"57":{"start":{"line":99,"column":4},"end":{"line":104,"column":6}},"58":{"start":{"line":100,"column":6},"end":{"line":102,"column":7}},"59":{"start":{"line":101,"column":8},"end":{"line":101,"column":15}},"60":{"start":{"line":103,"column":6},"end":{"line":103,"column":33}},"61":{"start":{"line":105,"column":4},"end":{"line":107,"column":5}},"62":{"start":{"line":106,"column":6},"end":{"line":106,"column":13}},"63":{"start":{"line":108,"column":4},"end":{"line":108,"column":19}},"64":{"start":{"line":110,"column":4},"end":{"line":110,"column":80}},"65":{"start":{"line":112,"column":2},"end":{"line":112,"column":22}},"66":{"start":{"line":113,"column":2},"end":{"line":113,"column":31}},"67":{"start":{"line":114,"column":2},"end":{"line":114,"column":50}},"68":{"start":{"line":115,"column":2},"end":{"line":126,"column":4}},"69":{"start":{"line":127,"column":2},"end":{"line":127,"column":120}},"70":{"start":{"line":128,"column":2},"end":{"line":130,"column":3}},"71":{"start":{"line":129,"column":4},"end":{"line":129,"column":11}},"72":{"start":{"line":131,"column":2},"end":{"line":274,"column":4}},"73":{"start":{"line":132,"column":4},"end":{"line":132,"column":178}},"74":{"start":{"line":133,"column":4},"end":{"line":133,"column":68}},"75":{"start":{"line":134,"column":4},"end":{"line":137,"column":5}},"76":{"start":{"line":135,"column":6},"end":{"line":135,"column":50}},"77":{"start":{"line":136,"column":6},"end":{"line":136,"column":37}},"78":{"start":{"line":138,"column":4},"end":{"line":138,"column":36}},"79":{"start":{"line":139,"column":4},"end":{"line":139,"column":33}},"80":{"start":{"line":140,"column":4},"end":{"line":140,"column":26}},"81":{"start":{"line":141,"column":4},"end":{"line":143,"column":5}},"82":{"start":{"line":142,"column":6},"end":{"line":142,"column":53}},"83":{"start":{"line":144,"column":4},"end":{"line":144,"column":26}},"84":{"start":{"line":145,"column":4},"end":{"line":149,"column":5}},"85":{"start":{"line":146,"column":6},"end":{"line":146,"column":32}},"86":{"start":{"line":148,"column":6},"end":{"line":148,"column":28}},"87":{"start":{"line":150,"column":4},"end":{"line":150,"column":50}},"88":{"start":{"line":151,"column":4},"end":{"line":153,"column":5}},"89":{"start":{"line":152,"column":6},"end":{"line":152,"column":49}},"90":{"start":{"line":154,"column":4},"end":{"line":154,"column":35}},"91":{"start":{"line":155,"column":4},"end":{"line":155,"column":15}},"92":{"start":{"line":157,"column":4},"end":{"line":157,"column":233}},"93":{"start":{"line":158,"column":4},"end":{"line":164,"column":5}},"94":{"start":{"line":159,"column":6},"end":{"line":159,"column":34}},"95":{"start":{"line":160,"column":6},"end":{"line":160,"column":61}},"96":{"start":{"line":161,"column":6},"end":{"line":161,"column":13}},"97":{"start":{"line":163,"column":6},"end":{"line":163,"column":21}},"98":{"start":{"line":165,"column":4},"end":{"line":181,"column":5}},"99":{"start":{"line":166,"column":6},"end":{"line":180,"column":7}},"100":{"start":{"line":167,"column":8},"end":{"line":167,"column":142}},"101":{"start":{"line":168,"column":8},"end":{"line":170,"column":9}},"102":{"start":{"line":169,"column":10},"end":{"line":169,"column":86}},"103":{"start":{"line":171,"column":8},"end":{"line":173,"column":9}},"104":{"start":{"line":172,"column":10},"end":{"line":172,"column":86}},"105":{"start":{"line":174,"column":8},"end":{"line":179,"column":9}},"106":{"start":{"line":175,"column":10},"end":{"line":177,"column":11}},"107":{"start":{"line":176,"column":12},"end":{"line":176,"column":46}},"108":{"start":{"line":178,"column":10},"end":{"line":178,"column":68}},"109":{"start":{"line":182,"column":4},"end":{"line":188,"column":5}},"110":{"start":{"line":183,"column":6},"end":{"line":187,"column":7}},"111":{"start":{"line":184,"column":8},"end":{"line":186,"column":9}},"112":{"start":{"line":185,"column":10},"end":{"line":185,"column":43}},"113":{"start":{"line":189,"column":4},"end":{"line":189,"column":27}},"114":{"start":{"line":190,"column":4},"end":{"line":203,"column":5}},"115":{"start":{"line":191,"column":6},"end":{"line":202,"column":7}},"116":{"start":{"line":192,"column":8},"end":{"line":192,"column":77}},"117":{"start":{"line":193,"column":8},"end":{"line":193,"column":29}},"118":{"start":{"line":194,"column":8},"end":{"line":194,"column":21}},"119":{"start":{"line":195,"column":8},"end":{"line":195,"column":52}},"120":{"start":{"line":196,"column":8},"end":{"line":200,"column":9}},"121":{"start":{"line":197,"column":10},"end":{"line":197,"column":38}},"122":{"start":{"line":199,"column":10},"end":{"line":199,"column":50}},"123":{"start":{"line":201,"column":8},"end":{"line":201,"column":29}},"124":{"start":{"line":205,"column":4},"end":{"line":205,"column":147}},"125":{"start":{"line":206,"column":4},"end":{"line":206,"column":52}},"126":{"start":{"line":207,"column":4},"end":{"line":209,"column":31}},"127":{"start":{"line":208,"column":6},"end":{"line":208,"column":67}},"128":{"start":{"line":210,"column":4},"end":{"line":212,"column":5}},"129":{"start":{"line":211,"column":6},"end":{"line":211,"column":18}},"130":{"start":{"line":213,"column":4},"end":{"line":215,"column":5}},"131":{"start":{"line":214,"column":6},"end":{"line":214,"column":13}},"132":{"start":{"line":216,"column":4},"end":{"line":240,"column":5}
[...]
"column":61},"end":{"line":171,"column":67}},{"start":{"line":171,"column":71},"end":{"line":171,"column":83}}]},"20":{"line":173,"type":"if","locations":[{"start":{"line":173,"column":5},"end":{"line":173,"column":5}},{"start":{"line":173,"column":5},"end":{"line":173,"column":5}}]},"21":{"line":174,"type":"cond-expr","locations":[{"start":{"line":174,"column":61},"end":{"line":174,"column":83}},{"start":{"line":174,"column":88},"end":{"line":174,"column":89}}]},"22":{"line":174,"type":"binary-expr","locations":[{"start":{"line":174,"column":61},"end":{"line":174,"column":67}},{"start":{"line":174,"column":71},"end":{"line":174,"column":83}}]},"23":{"line":178,"type":"if","locations":[{"start":{"line":178,"column":5},"end":{"line":178,"column":5}},{"start":{"line":178,"column":5},"end":{"line":178,"column":5}}]},"24":{"line":178,"type":"binary-expr","locations":[{"start":{"line":178,"column":9},"end":{"line":178,"column":28}},{"start":{"line":178,"column":34},"end":{"line":178,"column":42}},{"start":{"line":178,"column":46},"end":{"line":178,"column":54}},{"start":{"line":178,"column":62},"end":{"line":178,"column":69}},{"start":{"line":178,"column":73},"end":{"line":178,"column":89}},{"start":{"line":178,"column":97},"end":{"line":178,"column":104}},{"start":{"line":178,"column":108},"end":{"line":178,"column":124}}]},"25":{"line":179,"type":"if","locations":[{"start":{"line":179,"column":6},"end":{"line":179,"column":6}},{"start":{"line":179,"column":6},"end":{"line":179,"column":6}}]},"26":{"line":189,"type":"if","locations":[{"start":{"line":189,"column":4},"end":{"line":189,"column":4}},{"start":{"line":189,"column":4},"end":{"line":189,"column":4}}]},"27":{"line":190,"type":"if","locations":[{"start":{"line":190,"column":5},"end":{"line":190,"column":5}},{"start":{"line":190,"column":5},"end":{"line":190,"column":5}}]},"28":{"line":190,"type":"binary-expr","locations":[{"start":{"line":190,"column":9},"end":{"line":190,"column":25}},{"start":{"line":190,"column":29},"end":{"line":190,"column":65}}]},"29":{"line":199,"type":"if","locations":[{"start":{"line":199,"column":4},"end":{"line":199,"column":4}},{"start":{"line":199,"column":4},"end":{"line":199,"column":4}}]},"30":{"line":210,"type":"if","locations":[{"start":{"line":210,"column":5},"end":{"line":210,"column":5}},{"start":{"line":210,"column":5},"end":{"line":210,"column":5}}]},"31":{"line":227,"type":"binary-expr","locations":[{"start":{"line":227,"column":9},"end":{"line":227,"column":11}},{"start":{"line":227,"column":15},"end":{"line":227,"column":24}},{"start":{"line":227,"column":28},"end":{"line":227,"column":29}}]},"32":{"line":235,"type":"binary-expr","locations":[{"start":{"line":235,"column":15},"end":{"line":235,"column":18}},{"start":{"line":235,"column":22},"end":{"line":235,"column":27}}]},"33":{"line":238,"type":"if","locations":[{"start":{"line":238,"column":3},"end":{"line":238,"column":3}},{"start":{"line":238,"column":3},"end":{"line":238,"column":3}}]},"34":{"line":244,"type":"if","locations":[{"start":{"line":244,"column":3},"end":{"line":244,"column":3}},{"start":{"line":244,"column":3},"end":{"line":244,"column":3}}]},"35":{"line":252,"type":"if","locations":[{"start":{"line":252,"column":4},"end":{"line":252,"column":4}},{"start":{"line":252,"column":4},"end":{"line":252,"column":4}}]},"36":{"line":258,"type":"binary-expr","locations":[{"start":{"line":258,"column":13},"end":{"line":258,"column":54}},{"start":{"line":258,"column":58},"end":{"line":258,"column":67}}]},"37":{"line":259,"type":"binary-expr","locations":[{"start":{"line":259,"column":17},"end":{"line":259,"column":26}},{"start":{"line":259,"column":30},"end":{"line":259,"column":50}}]},"38":{"line":268,"type":"if","locations":[{"start":{"line":268,"column":5},"end":{"line":268,"column":5}},{"start":{"line":268,"column":5},"end":{"line":268,"column":5}}]},"39":{"line":273,"type":"binary-expr","locations":[{"start":{"line":273,"column":14},"end":{"line":273,"column":65}},{"start":{"line":273,"column":69},"end":{"line":273,"column":78}},{"start":{"line":273,"column":82},"end":{"line":273,"column":87}}]},"40":{"line":276,"type":"binary-expr","locations":[{"start":{"line":276,"column":13},"end":{"line":276,"column":46}},{"start":{"line":276,"column":50},"end":{"line":276,"column":95}}]},"41":{"line":276,"type":"binary-expr","locations":[{"start":{"line":276,"column":78},"end":{"line":276,"column":87}},{"start":{"line":276,"column":91},"end":{"line":276,"column":93}}]},"42":{"line":277,"type":"binary-expr","locations":[{"start":{"line":277,"column":13},"end":{"line":277,"column":46}},{"start":{"line":277,"column":50},"end":{"line":277,"column":95}}]},"43":{"line":277,"type":"binary-expr","locations":[{"start":{"line":277,"column":78},"end":{"line":277,"column":87}},{"start":{"line":277,"column":91},"end":{"line":277,"column":93}}]},"44":{"line":287,"type":"if","locations":[{"start":{"line":287,"column":3},"end":{"line":287,"column":3}},{"start":{"line":287,"column":3},"end":{"line":287,"column":3}}]},"45":{"line":308,"type":"binary-expr","locations":[{"start":{"line":308,"column":12},"end":{"line":308,"column":21}},{"start":{"line":308,"column":25},"end":{"line":308,"column":65}}]},"46":{"line":311,"type":"if","locations":[{"start":{"line":311,"column":4},"end":{"line":311,"column":4}},{"start":{"line":311,"column":4},"end":{"line":311,"column":4}}]},"47":{"line":311,"type":"binary-expr","locations":[{"start":{"line":311,"column":8},"end":{"line":311,"column":14}},{"start":{"line":311,"column":18},"end":{"line":311,"column":23}},{"start":{"line":311,"column":27},"end":{"line":311,"column":48}}]},"48":{"line":313,"type":"if","locations":[{"start":{"line":313,"column":5},"end":{"line":313,"column":5}},{"start":{"line":313,"column":5},"end":{"line":313,"column":5}}]},"49":{"line":313,"type":"binary-expr","locations":[{"start":{"line":313,"column":9},"end":{"line":313,"column":25}},{"start":{"line":313,"column":29},"end":{"line":313,"column":56}}]},"50":{"line":317,"type":"if","locations":[{"start":{"line":317,"column":6},"end":{"line":317,"column":6}},{"start":{"line":317,"column":6},"end":{"line":317,"column":6}}]},"51":{"line":317,"type":"binary-expr","locations":[{"start":{"line":317,"column":11},"end":{"line":317,"column":44}},{"start":{"line":317,"column":48},"end":{"line":317,"column":53}},{"start":{"line":318,"column":7},"end":{"line":318,"column":72}}]},"52":{"line":321,"type":"if","locations":[{"start":{"line":321,"column":7},"end":{"line":321,"column":7}},{"start":{"line":321,"column":7},"end":{"line":321,"column":7}}]},"53":{"line":347,"type":"if","locations":[{"start":{"line":347,"column":1},"end":{"line":347,"column":1}},{"start":{"line":347,"column":1},"end":{"line":347,"column":1}}]},"54":{"line":350,"type":"if","locations":[{"start":{"line":350,"column":6},"end":{"line":350,"column":6}},{"start":{"line":350,"column":6},"end":{"line":350,"column":6}}]}},"code":["/* Respond.js: min/max-width media query polyfill. (c) Scott Jehl. MIT Lic. j.mp/respondjs  */","(function( w ){","","\t\"use strict\";","","\t//exposed namespace","\tvar respond = {};","\tw.respond = respond;","","\t//define update even in native-mq-supporting browsers, to avoid errors","\trespond.update = function(){};","","\t//define ajax obj","\tvar requestQueue = [],","\t\txmlHttp = (function() {","\t\t\tvar xmlhttpmethod = false;","\t\t\ttry {","\t\t\t\txmlhttpmethod = new w.XMLHttpRequest();","\t\t\t}","\t\t\tcatch( e ){","\t\t\t\txmlhttpmethod = new w.ActiveXObject( \"Microsoft.XMLHTTP\" );","\t\t\t}","\t\t\treturn function(){","\t\t\t\treturn xmlhttpmethod;","\t\t\t};","\t\t})(),","","\t\t//tweaked Ajax functions from Quirksmode","\t\tajax = function( url, callback ) {","\t\t\tvar req = xmlHttp();","\t\t\tif (!req){","\t\t\t\treturn;","\t\t\t}","\t\t\treq.open( \"GET\", url, true );","\t\t\treq.onreadystatechange = function () {","\t\t\t\tif ( req.readyState !== 4 || req.status !== 200 && req.status !== 304 ){","\t\t\t\t\treturn;","\t\t\t\t}","\t\t\t\tcallback( req.responseText );","\t\t\t};","\t\t\tif ( req.readyState === 4 ){","\t\t\t\treturn;","\t\t\t}","\t\t\treq.send( null );","\t\t},","\t\tisUnsupportedMediaQuery = function( query ) {","\t\t\treturn query.replace( respond.regex.minmaxwh, '' ).match( respond.regex.other );","\t\t};","","\t//expose for testing","\trespond.ajax = ajax;","\trespond.queue = requestQueue;","\trespond.unsupportedmq = isUnsupportedMediaQuery;","\trespond.regex = {","\t\tmedia: /@media[^\\{]+\\{([^\\{\\}]*\\{[^\\}\\{]*\\})+/gi,","\t\tkeyframes: /@(?:\\-(?:o|moz|webkit)\\-)?keyframes[^\\{]+\\{(?:[^\\{\\}]*\\{[^\\}\\{]*\\})+[^\\}]*\\}/gi,","\t\tcomments: /\\/\\*[^*]*\\*+([^/][^*]*\\*+)*\\//gi,","\t\turls: /(url\\()['\"]?([^\\/\\)'\"][^:\\)'\"]+)['\"]?(\\))/g,","\t\tfindStyles: /@media *([^\\{]+)\\{([\\S\\s]+?)$/,","\t\tonly: /(only\\s+)?([a-zA-Z]+)\\s?/,","\t\tminw: /\\(\\s*min\\-width\\s*:\\s*(\\s*[0-9\\.]+)(px|em)\\s*\\)/,","\t\tmaxw: /\\(\\s*max\\-width\\s*:\\s*(\\s*[0-9\\.]+)(px|em)\\s*\\)/,","\t\tminmaxwh: /\\(\\s*m(in|ax)\\-(height|width)\\s*:\\s*(\\s*[0-9\\.]+)(px|em)\\s*\\)/gi,","\t\tother: /\\([^\\)]*\\)/g","\t};","","\t//expose media query support flag for external use","\trespond.mediaQueriesSupported = w.matchMedia && w.matchMedia( \"only all\" ) !== null && w.matchMedia( \"only all\" ).matches;","","\t//if media queries are supported, exit here","\tif( respond.mediaQueriesSupported ){","\t\treturn;","\t}","","\t//define vars","\tvar doc = w.document,","\t\tdocElem = doc.documentElement,","\t\tmediastyles = [],","\t\trules = [],","\t\tappendedEls = [],","\t\tparsedSheets = {},","\t\tresizeThrottle = 30,","\t\thead = doc.getElementsByTagName( \"head\" )[0] || docElem,","\t\tbase = doc.getElementsByTagName( \"base\" )[0],","\t\tlinks = head.getElementsByTagName( \"link\" ),","","\t\tlastCall,","\t\tresizeDefer,","","\t\t//cached container for 1em value, populated the first time it's needed","\t\teminpx,","","\t\t// returns the value of 1em in pixels","\t\tgetEmValue = function() {","\t\t\tvar ret,","\t\t\t\tdiv = doc.createElement('div'),","\t\t\t\tbody = doc.body,","\t\t\t\toriginalHTMLFontSize = docElem.style.fontSize,","\t\t\t\toriginalBodyFontSize = body && body.style.fontSize,","\t\t\t\tfakeUsed = false;","","\t\t\tdiv.style.cssText = \"position:absolute;font-size:1em;width:1em\";","","\t\t\tif( !body ){","\t\t\t\tbody = fakeUsed = doc.createElement( \"body\" );","\t\t\t\tbody.style.background = \"none\";","\t\t\t}","","\t\t\t// 1em in a media query is the value of the default font size of the browser","\t\t\t// reset docElem and body to ensure the correct value is returned","\t\t\tdocElem.style.fontSize = \"100%\";","\t\t\tbody.style.fontSize = \"100%\";","","\t\t\tbody.appendChild( div );","","\t\t\tif( fakeUsed ){","\t\t\t\tdocElem.insertBefore( body, docElem.firstChild );","\t\t\t}","","\t\t\tret = div.offsetWidth;","","\t\t\tif( fakeUsed ){","\t\t\t\tdocElem.removeChild( body );","\t\t\t}","\t\t\telse {","\t\t\t\tbody.removeChild( div );","\t\t\t}","","\t\t\t// restore the original values","\t\t\tdocElem.style.fontSize = originalHTMLFontSize;","\t\t\tif( originalBodyFontSize ) {","\t\t\t\tbody.style.fontSize = originalBodyFontSize;","\t\t\t}","","","\t\t\t//also update eminpx before returning","\t\t\tret = eminpx = parseFloat(ret);","","\t\t\treturn ret;","\t\t},","","\t\t//enable/disable styles","\t\tapplyMedia = function( fromResize ){","\t\t\tvar name = \"clientWidth\",","\t\t\t\tdocElemProp = docElem[ name ],","\t\t\t\tcurrWidth = doc.compatMode === \"CSS1Compat\" && docElemProp || doc.body[ name ] || docElemProp,","\t\t\t\tstyleBlocks\t= {},","\t\t\t\tlastLink = links[ links.length-1 ],","\t\t\t\tnow = (new Date()).getTime();","","\t\t\t//throttle resize calls","\t\t\tif( fromResize && lastCall && now - lastCall < resizeThrottle ){","\t\t\t\tw.clearTimeout( resizeDefer );","\t\t\t\tresizeDefer = w.setTimeout( applyMedia, resizeThrottle );","\t\t\t\treturn;","\t\t\t}","\t\t\telse {","\t\t\t\tlastCall = now;","\t\t\t}","","\t\t\tfor( var i in mediastyles ){","\t\t\t\tif( mediastyles.hasOwnProperty( i ) ){","\t\t\t\t\tvar thisstyle = mediastyles[ i ],","\t\t\t\t\t\tmin = thisstyle.minw,","\t\t\t\t\t\tmax = thisstyle.maxw,","\t\t\t\t\t\tminnull = min === null,","\t\t\t\t\t\tmaxnull = max === null,","\t\t\t\t\t\tem = \"em\";","","\t\t\t\t\tif( !!min ){","\t\t\t\t\t\tmin = parseFloat( min ) * ( min.indexOf( em ) > -1 ? ( eminpx || getEmValue() ) : 1 );","\t\t\t\t\t}","\t\t\t\t\tif( !!max ){","\t\t\t\t\t\tmax = parseFloat( max ) * ( max.indexOf( em ) > -1 ? ( eminpx || getEmValue() ) : 1 );","\t\t\t\t\t}","","\t\t\t\t\t// if there's no media query at all (the () part), or min or max is not null, and if either is present, they're true","\t\t\t\t\tif( !thisstyle.hasquery || ( !minnull || !maxnull ) && ( minnull || currWidth >= min ) && ( maxnull || currWidth <= max ) ){","\t\t\t\t\t\tif( !styleBlocks[ thisstyle.media ] ){","\t\t\t\t\t\t\tstyleBlocks[ thisstyle.media ] = [];","\t\t\t\t\t\t}","\t\t\t\t\t\tstyleBlocks[ thisstyle.media ].push( rules[ thisstyle.rules ] );","\t\t\t\t\t}","\t\t\t\t}","\t\t\t}","","\t\t\t//remove any existing respond style element(s)","\t\t\tfor( var j in appendedEls ){","\t\t\t\tif( appendedEls.hasOwnProperty( j ) ){","\t\t\t\t\tif( appendedEls[ j ] && appendedEls[ j ].parentNode === head ){","\t\t\t\t\t\thead.removeChild( appendedEls[ j ] );","\t\t\t\t\t}","\t\t\t\t}","\t\t\t}","\t\t\tappendedEls.length = 0;","","\t\t\t//inject active styles, grouped by media type","\t\t\tfor( var k in styleBlocks ){","\t\t\t\tif( styleBlocks.hasOwnProperty( k ) ){","\t\t\t\t\tvar ss = doc.createElement( \"style\" ),","\t\t\t\t\t\tcss = styleBlocks[ k ].join( \"\\n\" );","","\t\t\t\t\tss.type = \"text/css\";","\t\t\t\t\tss.media = k;","","\t\t\t\t\t//originally, ss was appended to a documentFragment and sheets were appended in bulk.","\t\t\t\t\t//this caused crashes in IE in a number of circumstances, such as when the HTML element had a bg image set, so appending beforehand seems best. Thanks to @dvelyk for the initial research on this one!","\t\t\t\t\thead.insertBefore( ss, lastLink.nextSibling );","","\t\t\t\t\tif ( ss.styleSheet ){","\t\t\t\t\t\tss.styleSheet.cssText = css;","\t\t\t\t\t}","\t\t\t\t\telse {","\t\t\t\t\t\tss.appendChild( doc.createTextNode( css ) );","\t\t\t\t\t}","","\t\t\t\t\t//push to appendedEls to track for later removal","\t\t\t\t\tappendedEls.push( ss );","\t\t\t\t}","\t\t\t}","\t\t},","\t\t//find media blocks in css text, convert to style blocks","\t\ttranslate = function( styles, href, media ){","\t\t\tvar qs = styles.replace( respond.regex.comments, '' )","\t\t\t\t\t.replace( respond.regex.keyframes, '' )","\t\t\t\t\t.match( respond.regex.media ),","\t\t\t\tql = qs && qs.length || 0;","","\t\t\t//try to get CSS path","\t\t\thref = href.substring( 0, href.lastIndexOf( \"/\" ) );","","\t\t\tvar repUrls = function( css ){","\t\t\t\t\treturn css.replace( respond.regex.urls, \"$1\" + href + \"$2$3\" );","\t\t\t\t},","\t\t\t\tuseMedia = !ql && media;","","\t\t\t//if path exists, tack on trailing slash","\t\t\tif( href.length ){ href += \"/\"; }","","\t\t\t//if no internal queries exist, but media attr does, use that","\t\t\t//note: this currently lacks support for situations where a media attr is specified on a link AND","\t\t\t\t//its associated stylesheet has internal CSS media queries.","\t\t\t\t//In those cases, the media attribute will currently be ignored.","\t\t\tif( useMedia ){","\t\t\t\tql = 1;","\t\t\t}","","\t\t\tfor( var i = 0; i < ql; i++ ){","\t\t\t\tvar fullq, thisq, eachq, eql;","","\t\t\t\t//media attr","\t\t\t\tif( useMedia ){","\t\t\t\t\tfullq = media;","\t\t\t\t\trules.push( repUrls( styles ) );","\t\t\t\t}","\t\t\t\t//parse for styles","\t\t\t\telse{","\t\t\t\t\tfullq = qs[ i ].match( respond.regex.findStyles ) && RegExp.$1;","\t\t\t\t\trules.push( RegExp.$2 && repUrls( RegExp.$2 ) );","\t\t\t\t}","","\t\t\t\teachq = fullq.split( \",\" );","\t\t\t\teql = eachq.length;","","\t\t\t\tfor( var j = 0; j < eql; j++ ){","\t\t\t\t\tthisq = eachq[ j ];","","\t\t\t\t\tif( isUnsupportedMediaQuery( thisq ) ) {","\t\t\t\t\t\tcontinue;","\t\t\t\t\t}","","\t\t\t\t\tmediastyles.push( {","\t\t\t\t\t\tmedia : thisq.split( \"(\" )[ 0 ].match( respond.regex.only ) && RegExp.$2 || \"all\",","\t\t\t\t\t\trules : rules.length - 1,","\t\t\t\t\t\thasquery : thisq.indexOf(\"(\") > -1,","\t\t\t\t\t\tminw : thisq.match( respond.regex.minw ) && parseFloat( RegExp.$1 ) + ( RegExp.$2 || \"\" ),","\t\t\t\t\t\tmaxw : thisq.match( respond.regex.maxw ) && parseFloat( RegExp.$1 ) + ( RegExp.$2 || \"\" )","\t\t\t\t\t} );","\t\t\t\t}","\t\t\t}","","\t\t\tapplyMedia();","\t\t},","","\t\t//recurse through request queue, get css text","\t\tmakeRequests = function(){","\t\t\tif( requestQueue.length ){","\t\t\t\tvar thisRequest = requestQueue.shift();","","\t\t\t\tajax( thisRequest.href, function( styles ){","\t\t\t\t\ttranslate( styles, thisRequest.href, thisRequest.media );","\t\t\t\t\tparsedSheets[ thisRequest.href ] = true;","","\t\t\t\t\t// by wrapping recursive function call in setTimeout","\t\t\t\t\t// we prevent \"Stack overflow\" error in IE7","\t\t\t\t\tw.setTimeout(function(){ makeRequests(); },0);","\t\t\t\t} );","\t\t\t}","\t\t},","","\t\t//loop stylesheets, send text content to translate","\t\tripCSS = function(){","","\t\t\tfor( var i = 0; i < links.length; i++ ){","\t\t\t\tvar sheet = links[ i ],","\t\t\t\thref = sheet.href,","\t\t\t\tmedia = sheet.media,","\t\t\t\tisCSS = sheet.rel && sheet.rel.toLowerCase() === \"stylesheet\";","","\t\t\t\t//only links plz and prevent re-parsing","\t\t\t\tif( !!href && isCSS && !parsedSheets[ href ] ){","\t\t\t\t\t// selectivizr exposes css through the rawCssText expando","\t\t\t\t\tif (sheet.styleSheet && sheet.styleSheet.rawCssText) {","\t\t\t\t\t\ttranslate( sheet.styleSheet.rawCssText, href, media );","\t\t\t\t\t\tparsedSheets[ href ] = true;","\t\t\t\t\t} else {","\t\t\t\t\t\tif( (!/^([a-zA-Z:]*\\/\\/)/.test( href ) && !base) ||","\t\t\t\t\t\t\thref.replace( RegExp.$1, \"\" ).split( \"/\" )[0] === w.location.host ){","\t\t\t\t\t\t\t// IE7 doesn't handle urls that start with '//' for ajax request","\t\t\t\t\t\t\t// manually add in the protocol","\t\t\t\t\t\t\tif ( href.substring(0,2) === \"//\" ) { href = w.location.protocol + href; }","\t\t\t\t\t\t\trequestQueue.push( {","\t\t\t\t\t\t\t\thref: href,","\t\t\t\t\t\t\t\tmedia: media","\t\t\t\t\t\t\t} );","\t\t\t\t\t\t}","\t\t\t\t\t}","\t\t\t\t}","\t\t\t}","\t\t\tmakeRequests();","\t\t};","","\t//translate CSS","\tripCSS();","","\t//expose update for re-running respond later on","\trespond.update = ripCSS;","","\t//expose getEmValue","\trespond.getEmValue = getEmValue;","","\t//adjust on resize","\tfunction callMedia(){","\t\tapplyMedia( true );","\t}","","\tif( w.addEventListener ){","\t\tw.addEventListener( \"resize\", callMedia, false );","\t}","\telse if( w.attachEvent ){","\t\tw.attachEvent( \"onresize\", callMedia );","\t}","})(this);",""],"l":{"2":2,"7":2,"8":2,"11":2,"14":2,"16":2,"17":2,"18":2,"21":2,"23":0,"24":0,"30":0,"31":0,"32":0,"34":0,"35":0,"36":0,"37":0,"39":0,"41":0,"42":0,"44":0,"47":0,"51":0,"52":0,"53":0,"54":0,"68":0,"71":0,"72":0,"76":0,"95":0,"102":0,"104":0,"105":0,"106":0,"111":0,"112":0,"114":0,"116":0,"117":0,"120":0,"122":0,"123":0,"126":0,"130":0,"131":0,"132":0,"137":0,"139":0,"144":0,"152":0,"153":0,"154":0,"155":0,"158":0,"161":0,"162":0,"163":0,"170":0,"171":0,"173":0,"174":0,"178":0,"179":0,"180":0,"182":0,"188":0,"189":0,"190":0,"191":0,"195":0,"198":0,"199":0,"200":0,"203":0,"204":0,"208":0,"210":0,"211":0,"214":0,"218":0,"224":0,"230":0,"232":0,"233":0,"238":0,"244":0,"245":0,"248":0,"249":0,"252":0,"253":0,"254":0,"258":0,"259":0,"262":0,"263":0,"265":0,"266":0,"268":0,"269":0,"272":0,"282":0,"287":0,"288":0,"290":0,"291":0,"292":0,"296":0,"304":0,"305":0,"311":0,"313":0,"314":0,"315":0,"317":0,"321":0,"322":0,"330":0,"334":0,"337":0,"340":0,"343":1,"344":0,"347":0,"348":0,"350":0,"351":0}}}